2024-03-01T11:13:24.366-05:00  INFO 1939 --- [main] c.w.l.LunchlineBackendApplication        : Starting LunchlineBackendApplication using Java 20.0.2 with PID 1939 (/Users/wd/IdeaProjects/lunchline-backend/build/classes/java/main started by wd in /Users/wd/IdeaProjects/lunchline-backend)
2024-03-01T11:13:24.368-05:00  INFO 1939 --- [main] c.w.l.LunchlineBackendApplication        : No active profile set, falling back to 1 default profile: "default"
2024-03-01T11:13:24.648-05:00  INFO 1939 --- [main] o.s.b.w.embedded.tomcat.TomcatWebServer  : Tomcat initialized with port 8080 (http)
2024-03-01T11:13:24.653-05:00  INFO 1939 --- [main] o.apache.catalina.core.StandardService   : Starting service [Tomcat]
2024-03-01T11:13:24.654-05:00  INFO 1939 --- [main] o.apache.catalina.core.StandardEngine    : Starting Servlet engine: [Apache Tomcat/10.1.19]
2024-03-01T11:13:24.670-05:00  INFO 1939 --- [main] o.a.c.c.C.[Tomcat].[localhost].[/]       : Initializing Spring embedded WebApplicationContext
2024-03-01T11:13:24.670-05:00  INFO 1939 --- [main] w.s.c.ServletWebServerApplicationContext : Root WebApplicationContext: initialization completed in 286 ms
2024-03-01T11:13:24.796-05:00  INFO 1939 --- [main] o.s.b.w.embedded.tomcat.TomcatWebServer  : Tomcat started on port 8080 (http) with context path ''
2024-03-01T11:13:24.800-05:00  INFO 1939 --- [main] c.w.l.LunchlineBackendApplication        : Started LunchlineBackendApplication in 0.565 seconds (process running for 0.78)
2024-03-01T11:13:24.915-05:00  INFO 1939 --- [main] org.mongodb.driver.client                : MongoClient with metadata {"driver": {"name": "mongo-java-driver|sync", "version": "4.11.1"}, "os": {"type": "Darwin", "name": "Mac OS X", "architecture": "aarch64", "version": "14.2"}, "platform": "Java/Oracle Corporation/20.0.2+9-78"} created with settings MongoClientSettings{readPreference=primary, writeConcern=WriteConcern{w=majority, wTimeout=null ms, journal=null}, retryWrites=true, retryReads=true, readConcern=ReadConcern{level=null}, credential=MongoCredential{mechanism=null, userName='wduan', source='admin', password=<hidden>, mechanismProperties=<hidden>}, transportSettings=null, streamFactoryFactory=null, commandListeners=[], codecRegistry=ProvidersCodecRegistry{codecProviders=[ValueCodecProvider{}, BsonValueCodecProvider{}, DBRefCodecProvider{}, DBObjectCodecProvider{}, DocumentCodecProvider{}, CollectionCodecProvider{}, IterableCodecProvider{}, MapCodecProvider{}, GeoJsonCodecProvider{}, GridFSFileCodecProvider{}, Jsr310CodecProvider{}, JsonObjectCodecProvider{}, BsonCodecProvider{}, EnumCodecProvider{}, com.mongodb.client.model.mql.ExpressionCodecProvider@5190010f, com.mongodb.Jep395RecordCodecProvider@673e76b3, com.mongodb.KotlinCodecProvider@1bedc703]}, loggerSettings=LoggerSettings{maxDocumentLength=1000}, clusterSettings={hosts=[127.0.0.1:27017], srvHost=lunchcluster.aulglyi.mongodb.net, srvServiceName=mongodb, mode=MULTIPLE, requiredClusterType=REPLICA_SET, requiredReplicaSetName='atlas-k5rfu7-shard-0', serverSelector='null', clusterListeners='[]', serverSelectionTimeout='30000 ms', localThreshold='15 ms'}, socketSettings=SocketSettings{connectTimeoutMS=10000, readTimeoutMS=0, receiveBufferSize=0, proxySettings=ProxySettings{host=null, port=null, username=null, password=null}}, heartbeatSocketSettings=SocketSettings{connectTimeoutMS=10000, readTimeoutMS=10000, receiveBufferSize=0, proxySettings=ProxySettings{host=null, port=null, username=null, password=null}}, connectionPoolSettings=ConnectionPoolSettings{maxSize=100, minSize=0, maxWaitTimeMS=120000, maxConnectionLifeTimeMS=0, maxConnectionIdleTimeMS=0, maintenanceInitialDelayMS=0, maintenanceFrequencyMS=60000, connectionPoolListeners=[], maxConnecting=2}, serverSettings=ServerSettings{heartbeatFrequencyMS=10000, minHeartbeatFrequencyMS=500, serverListeners='[]', serverMonitorListeners='[]'}, sslSettings=SslSettings{enabled=true, invalidHostNameAllowed=false, context=null}, applicationName='null', compressorList=[], uuidRepresentation=UNSPECIFIED, serverApi=ServerApi{version=V1, deprecationErrors=null, strict=null}, autoEncryptionSettings=null, dnsClient=null, inetAddressResolver=null, contextProvider=null}
2024-03-01T11:13:24.923-05:00  INFO 1939 --- [main] org.mongodb.driver.cluster               : No server chosen by ReadPreferenceServerSelector{readPreference=primary} from cluster description ClusterDescription{type=UNKNOWN, connectionMode=MULTIPLE, serverDescriptions=[]}. Waiting for 30000 ms before timing out
2024-03-01T11:13:25.024-05:00  INFO 1939 --- [cluster-ClusterId{value='65e1fea42148ae361cb53e96', description='null'}-srv-lunchcluster.aulglyi.mongodb.net] org.mongodb.driver.cluster               : Adding discovered server ac-r98zr4h-shard-00-01.aulglyi.mongodb.net:27017 to client view of cluster
2024-03-01T11:13:25.032-05:00  INFO 1939 --- [cluster-ClusterId{value='65e1fea42148ae361cb53e96', description='null'}-srv-lunchcluster.aulglyi.mongodb.net] org.mongodb.driver.cluster               : Adding discovered server ac-r98zr4h-shard-00-00.aulglyi.mongodb.net:27017 to client view of cluster
2024-03-01T11:13:25.033-05:00  INFO 1939 --- [cluster-ClusterId{value='65e1fea42148ae361cb53e96', description='null'}-srv-lunchcluster.aulglyi.mongodb.net] org.mongodb.driver.cluster               : Adding discovered server ac-r98zr4h-shard-00-02.aulglyi.mongodb.net:27017 to client view of cluster
2024-03-01T11:13:25.405-05:00  INFO 1939 --- [cluster-ClusterId{value='65e1fea42148ae361cb53e96', description='null'}-ac-r98zr4h-shard-00-01.aulglyi.mongodb.net:27017] org.mongodb.driver.cluster               : Exception in monitor thread while connecting to server ac-r98zr4h-shard-00-01.aulglyi.mongodb.net:27017

com.mongodb.MongoSocketWriteException: Exception sending message
	at com.mongodb.internal.connection.InternalStreamConnection.translateWriteException(InternalStreamConnection.java:714) ~[mongodb-driver-core-4.11.1.jar:na]
	at com.mongodb.internal.connection.InternalStreamConnection.sendMessage(InternalStreamConnection.java:587) ~[mongodb-driver-core-4.11.1.jar:na]
	at com.mongodb.internal.connection.InternalStreamConnection.sendCommandMessage(InternalStreamConnection.java:419) ~[mongodb-driver-core-4.11.1.jar:na]
	at com.mongodb.internal.connection.InternalStreamConnection.sendAndReceive(InternalStreamConnection.java:364) ~[mongodb-driver-core-4.11.1.jar:na]
	at com.mongodb.internal.connection.CommandHelper.sendAndReceive(CommandHelper.java:102) ~[mongodb-driver-core-4.11.1.jar:na]
	at com.mongodb.internal.connection.CommandHelper.executeCommand(CommandHelper.java:49) ~[mongodb-driver-core-4.11.1.jar:na]
	at com.mongodb.internal.connection.InternalStreamConnectionInitializer.initializeConnectionDescription(InternalStreamConnectionInitializer.java:130) ~[mongodb-driver-core-4.11.1.jar:na]
	at com.mongodb.internal.connection.InternalStreamConnectionInitializer.startHandshake(InternalStreamConnectionInitializer.java:78) ~[mongodb-driver-core-4.11.1.jar:na]
	at com.mongodb.internal.connection.InternalStreamConnection.open(InternalStreamConnection.java:213) ~[mongodb-driver-core-4.11.1.jar:na]
	at com.mongodb.internal.connection.DefaultServerMonitor$ServerMonitorRunnable.lookupServerDescription(DefaultServerMonitor.java:196) ~[mongodb-driver-core-4.11.1.jar:na]
	at com.mongodb.internal.connection.DefaultServerMonitor$ServerMonitorRunnable.run(DefaultServerMonitor.java:156) ~[mongodb-driver-core-4.11.1.jar:na]
	at java.base/java.lang.Thread.run(Thread.java:1623) ~[na:na]
Caused by: javax.net.ssl.SSLException: Received fatal alert: internal_error
	at java.base/sun.security.ssl.Alert.createSSLException(Alert.java:132) ~[na:na]
	at java.base/sun.security.ssl.Alert.createSSLException(Alert.java:117) ~[na:na]
	at java.base/sun.security.ssl.TransportContext.fatal(TransportContext.java:365) ~[na:na]
	at java.base/sun.security.ssl.Alert$AlertConsumer.consume(Alert.java:287) ~[na:na]
	at java.base/sun.security.ssl.TransportContext.dispatch(TransportContext.java:204) ~[na:na]
	at java.base/sun.security.ssl.SSLTransport.decode(SSLTransport.java:172) ~[na:na]
	at java.base/sun.security.ssl.SSLSocketImpl.decode(SSLSocketImpl.java:1506) ~[na:na]
	at java.base/sun.security.ssl.SSLSocketImpl.readHandshakeRecord(SSLSocketImpl.java:1421) ~[na:na]
	at java.base/sun.security.ssl.SSLSocketImpl.startHandshake(SSLSocketImpl.java:455) ~[na:na]
	at java.base/sun.security.ssl.SSLSocketImpl.ensureNegotiated(SSLSocketImpl.java:922) ~[na:na]
	at java.base/sun.security.ssl.SSLSocketImpl$AppOutputStream.write(SSLSocketImpl.java:1291) ~[na:na]
	at com.mongodb.internal.connection.SocketStream.write(SocketStream.java:164) ~[mongodb-driver-core-4.11.1.jar:na]
	at com.mongodb.internal.connection.InternalStreamConnection.sendMessage(InternalStreamConnection.java:584) ~[mongodb-driver-core-4.11.1.jar:na]
	... 10 common frames omitted

2024-03-01T11:13:25.405-05:00  INFO 1939 --- [cluster-ClusterId{value='65e1fea42148ae361cb53e96', description='null'}-ac-r98zr4h-shard-00-00.aulglyi.mongodb.net:27017] org.mongodb.driver.cluster               : Exception in monitor thread while connecting to server ac-r98zr4h-shard-00-00.aulglyi.mongodb.net:27017

com.mongodb.MongoSocketWriteException: Exception sending message
	at com.mongodb.internal.connection.InternalStreamConnection.translateWriteException(InternalStreamConnection.java:714) ~[mongodb-driver-core-4.11.1.jar:na]
	at com.mongodb.internal.connection.InternalStreamConnection.sendMessage(InternalStreamConnection.java:587) ~[mongodb-driver-core-4.11.1.jar:na]
	at com.mongodb.internal.connection.InternalStreamConnection.sendCommandMessage(InternalStreamConnection.java:419) ~[mongodb-driver-core-4.11.1.jar:na]
	at com.mongodb.internal.connection.InternalStreamConnection.sendAndReceive(InternalStreamConnection.java:364) ~[mongodb-driver-core-4.11.1.jar:na]
	at com.mongodb.internal.connection.CommandHelper.sendAndReceive(CommandHelper.java:102) ~[mongodb-driver-core-4.11.1.jar:na]
	at com.mongodb.internal.connection.CommandHelper.executeCommand(CommandHelper.java:49) ~[mongodb-driver-core-4.11.1.jar:na]
	at com.mongodb.internal.connection.InternalStreamConnectionInitializer.initializeConnectionDescription(InternalStreamConnectionInitializer.java:130) ~[mongodb-driver-core-4.11.1.jar:na]
	at com.mongodb.internal.connection.InternalStreamConnectionInitializer.startHandshake(InternalStreamConnectionInitializer.java:78) ~[mongodb-driver-core-4.11.1.jar:na]
	at com.mongodb.internal.connection.InternalStreamConnection.open(InternalStreamConnection.java:213) ~[mongodb-driver-core-4.11.1.jar:na]
	at com.mongodb.internal.connection.DefaultServerMonitor$ServerMonitorRunnable.lookupServerDescription(DefaultServerMonitor.java:196) ~[mongodb-driver-core-4.11.1.jar:na]
	at com.mongodb.internal.connection.DefaultServerMonitor$ServerMonitorRunnable.run(DefaultServerMonitor.java:156) ~[mongodb-driver-core-4.11.1.jar:na]
	at java.base/java.lang.Thread.run(Thread.java:1623) ~[na:na]
Caused by: javax.net.ssl.SSLException: Received fatal alert: internal_error
	at java.base/sun.security.ssl.Alert.createSSLException(Alert.java:132) ~[na:na]
	at java.base/sun.security.ssl.Alert.createSSLException(Alert.java:117) ~[na:na]
	at java.base/sun.security.ssl.TransportContext.fatal(TransportContext.java:365) ~[na:na]
	at java.base/sun.security.ssl.Alert$AlertConsumer.consume(Alert.java:287) ~[na:na]
	at java.base/sun.security.ssl.TransportContext.dispatch(TransportContext.java:204) ~[na:na]
	at java.base/sun.security.ssl.SSLTransport.decode(SSLTransport.java:172) ~[na:na]
	at java.base/sun.security.ssl.SSLSocketImpl.decode(SSLSocketImpl.java:1506) ~[na:na]
	at java.base/sun.security.ssl.SSLSocketImpl.readHandshakeRecord(SSLSocketImpl.java:1421) ~[na:na]
	at java.base/sun.security.ssl.SSLSocketImpl.startHandshake(SSLSocketImpl.java:455) ~[na:na]
	at java.base/sun.security.ssl.SSLSocketImpl.ensureNegotiated(SSLSocketImpl.java:922) ~[na:na]
	at java.base/sun.security.ssl.SSLSocketImpl$AppOutputStream.write(SSLSocketImpl.java:1291) ~[na:na]
	at com.mongodb.internal.connection.SocketStream.write(SocketStream.java:164) ~[mongodb-driver-core-4.11.1.jar:na]
	at com.mongodb.internal.connection.InternalStreamConnection.sendMessage(InternalStreamConnection.java:584) ~[mongodb-driver-core-4.11.1.jar:na]
	... 10 common frames omitted

2024-03-01T11:13:25.405-05:00  INFO 1939 --- [cluster-ClusterId{value='65e1fea42148ae361cb53e96', description='null'}-ac-r98zr4h-shard-00-02.aulglyi.mongodb.net:27017] org.mongodb.driver.cluster               : Exception in monitor thread while connecting to server ac-r98zr4h-shard-00-02.aulglyi.mongodb.net:27017

com.mongodb.MongoSocketWriteException: Exception sending message
	at com.mongodb.internal.connection.InternalStreamConnection.translateWriteException(InternalStreamConnection.java:714) ~[mongodb-driver-core-4.11.1.jar:na]
	at com.mongodb.internal.connection.InternalStreamConnection.sendMessage(InternalStreamConnection.java:587) ~[mongodb-driver-core-4.11.1.jar:na]
	at com.mongodb.internal.connection.InternalStreamConnection.sendCommandMessage(InternalStreamConnection.java:419) ~[mongodb-driver-core-4.11.1.jar:na]
	at com.mongodb.internal.connection.InternalStreamConnection.sendAndReceive(InternalStreamConnection.java:364) ~[mongodb-driver-core-4.11.1.jar:na]
	at com.mongodb.internal.connection.CommandHelper.sendAndReceive(CommandHelper.java:102) ~[mongodb-driver-core-4.11.1.jar:na]
	at com.mongodb.internal.connection.CommandHelper.executeCommand(CommandHelper.java:49) ~[mongodb-driver-core-4.11.1.jar:na]
	at com.mongodb.internal.connection.InternalStreamConnectionInitializer.initializeConnectionDescription(InternalStreamConnectionInitializer.java:130) ~[mongodb-driver-core-4.11.1.jar:na]
	at com.mongodb.internal.connection.InternalStreamConnectionInitializer.startHandshake(InternalStreamConnectionInitializer.java:78) ~[mongodb-driver-core-4.11.1.jar:na]
	at com.mongodb.internal.connection.InternalStreamConnection.open(InternalStreamConnection.java:213) ~[mongodb-driver-core-4.11.1.jar:na]
	at com.mongodb.internal.connection.DefaultServerMonitor$ServerMonitorRunnable.lookupServerDescription(DefaultServerMonitor.java:196) ~[mongodb-driver-core-4.11.1.jar:na]
	at com.mongodb.internal.connection.DefaultServerMonitor$ServerMonitorRunnable.run(DefaultServerMonitor.java:156) ~[mongodb-driver-core-4.11.1.jar:na]
	at java.base/java.lang.Thread.run(Thread.java:1623) ~[na:na]
Caused by: javax.net.ssl.SSLException: Received fatal alert: internal_error
	at java.base/sun.security.ssl.Alert.createSSLException(Alert.java:132) ~[na:na]
	at java.base/sun.security.ssl.Alert.createSSLException(Alert.java:117) ~[na:na]
	at java.base/sun.security.ssl.TransportContext.fatal(TransportContext.java:365) ~[na:na]
	at java.base/sun.security.ssl.Alert$AlertConsumer.consume(Alert.java:287) ~[na:na]
	at java.base/sun.security.ssl.TransportContext.dispatch(TransportContext.java:204) ~[na:na]
	at java.base/sun.security.ssl.SSLTransport.decode(SSLTransport.java:172) ~[na:na]
	at java.base/sun.security.ssl.SSLSocketImpl.decode(SSLSocketImpl.java:1506) ~[na:na]
	at java.base/sun.security.ssl.SSLSocketImpl.readHandshakeRecord(SSLSocketImpl.java:1421) ~[na:na]
	at java.base/sun.security.ssl.SSLSocketImpl.startHandshake(SSLSocketImpl.java:455) ~[na:na]
	at java.base/sun.security.ssl.SSLSocketImpl.ensureNegotiated(SSLSocketImpl.java:922) ~[na:na]
	at java.base/sun.security.ssl.SSLSocketImpl$AppOutputStream.write(SSLSocketImpl.java:1291) ~[na:na]
	at com.mongodb.internal.connection.SocketStream.write(SocketStream.java:164) ~[mongodb-driver-core-4.11.1.jar:na]
	at com.mongodb.internal.connection.InternalStreamConnection.sendMessage(InternalStreamConnection.java:584) ~[mongodb-driver-core-4.11.1.jar:na]
	... 10 common frames omitted

2024-03-01T11:14:05.771-05:00  INFO 1939 --- [cluster-ClusterId{value='65e1fea42148ae361cb53e96', description='null'}-ac-r98zr4h-shard-00-01.aulglyi.mongodb.net:27017] org.mongodb.driver.cluster               : Monitor thread successfully connected to server with description ServerDescription{address=ac-r98zr4h-shard-00-01.aulglyi.mongodb.net:27017, type=REPLICA_SET_PRIMARY, state=CONNECTED, ok=true, minWireVersion=0, maxWireVersion=17, maxDocumentSize=16777216, logicalSessionTimeoutMinutes=30, roundTripTimeNanos=361477000, setName='atlas-k5rfu7-shard-0', canonicalAddress=ac-r98zr4h-shard-00-01.aulglyi.mongodb.net:27017, hosts=[ac-r98zr4h-shard-00-02.aulglyi.mongodb.net:27017, ac-r98zr4h-shard-00-00.aulglyi.mongodb.net:27017, ac-r98zr4h-shard-00-01.aulglyi.mongodb.net:27017], passives=[], arbiters=[], primary='ac-r98zr4h-shard-00-01.aulglyi.mongodb.net:27017', tagSet=TagSet{[Tag{name='availabilityZone', value='use1-az6'}, Tag{name='diskState', value='READY'}, Tag{name='nodeType', value='ELECTABLE'}, Tag{name='provider', value='AWS'}, Tag{name='region', value='US_EAST_1'}, Tag{name='workloadType', value='OPERATIONAL'}]}, electionId=7fffffff0000000000000112, setVersion=19, topologyVersion=TopologyVersion{processId=65df9fe544571d2574e6ca38, counter=6}, lastWriteDate=Fri Mar 01 11:14:05 EST 2024, lastUpdateTimeNanos=3676412701166}
2024-03-01T11:14:05.774-05:00  INFO 1939 --- [cluster-ClusterId{value='65e1fea42148ae361cb53e96', description='null'}-ac-r98zr4h-shard-00-01.aulglyi.mongodb.net:27017] org.mongodb.driver.cluster               : Discovered replica set primary ac-r98zr4h-shard-00-01.aulglyi.mongodb.net:27017 with max election id 7fffffff0000000000000112 and max set version 19
2024-03-01T11:14:15.718-05:00  INFO 1939 --- [cluster-ClusterId{value='65e1fea42148ae361cb53e96', description='null'}-ac-r98zr4h-shard-00-02.aulglyi.mongodb.net:27017] org.mongodb.driver.cluster               : Monitor thread successfully connected to server with description ServerDescription{address=ac-r98zr4h-shard-00-02.aulglyi.mongodb.net:27017, type=REPLICA_SET_SECONDARY, state=CONNECTED, ok=true, minWireVersion=0, maxWireVersion=17, maxDocumentSize=16777216, logicalSessionTimeoutMinutes=30, roundTripTimeNanos=229197916, setName='atlas-k5rfu7-shard-0', canonicalAddress=ac-r98zr4h-shard-00-02.aulglyi.mongodb.net:27017, hosts=[ac-r98zr4h-shard-00-02.aulglyi.mongodb.net:27017, ac-r98zr4h-shard-00-00.aulglyi.mongodb.net:27017, ac-r98zr4h-shard-00-01.aulglyi.mongodb.net:27017], passives=[], arbiters=[], primary='ac-r98zr4h-shard-00-01.aulglyi.mongodb.net:27017', tagSet=TagSet{[Tag{name='availabilityZone', value='use1-az1'}, Tag{name='diskState', value='READY'}, Tag{name='nodeType', value='ELECTABLE'}, Tag{name='provider', value='AWS'}, Tag{name='region', value='US_EAST_1'}, Tag{name='workloadType', value='OPERATIONAL'}]}, electionId=null, setVersion=19, topologyVersion=TopologyVersion{processId=65dfa050d1d5c426f1cbc47f, counter=3}, lastWriteDate=Fri Mar 01 11:14:15 EST 2024, lastUpdateTimeNanos=3686360248500}
2024-03-01T11:14:15.718-05:00  INFO 1939 --- [cluster-ClusterId{value='65e1fea42148ae361cb53e96', description='null'}-ac-r98zr4h-shard-00-00.aulglyi.mongodb.net:27017] org.mongodb.driver.cluster               : Monitor thread successfully connected to server with description ServerDescription{address=ac-r98zr4h-shard-00-00.aulglyi.mongodb.net:27017, type=REPLICA_SET_SECONDARY, state=CONNECTED, ok=true, minWireVersion=0, maxWireVersion=17, maxDocumentSize=16777216, logicalSessionTimeoutMinutes=30, roundTripTimeNanos=231410667, setName='atlas-k5rfu7-shard-0', canonicalAddress=ac-r98zr4h-shard-00-00.aulglyi.mongodb.net:27017, hosts=[ac-r98zr4h-shard-00-02.aulglyi.mongodb.net:27017, ac-r98zr4h-shard-00-00.aulglyi.mongodb.net:27017, ac-r98zr4h-shard-00-01.aulglyi.mongodb.net:27017], passives=[], arbiters=[], primary='ac-r98zr4h-shard-00-01.aulglyi.mongodb.net:27017', tagSet=TagSet{[Tag{name='availabilityZone', value='use1-az4'}, Tag{name='diskState', value='READY'}, Tag{name='nodeType', value='ELECTABLE'}, Tag{name='provider', value='AWS'}, Tag{name='region', value='US_EAST_1'}, Tag{name='workloadType', value='OPERATIONAL'}]}, electionId=null, setVersion=19, topologyVersion=TopologyVersion{processId=65df9f7731d2b35e8b2b4fa8, counter=4}, lastWriteDate=Fri Mar 01 11:14:15 EST 2024, lastUpdateTimeNanos=3686360920916}
2024-03-01T11:14:18.108-05:00  INFO 1965 --- [main] c.w.l.LunchlineBackendApplication        : Starting LunchlineBackendApplication using Java 20.0.2 with PID 1965 (/Users/wd/IdeaProjects/lunchline-backend/build/classes/java/main started by wd in /Users/wd/IdeaProjects/lunchline-backend)
2024-03-01T11:14:18.109-05:00  INFO 1965 --- [main] c.w.l.LunchlineBackendApplication        : No active profile set, falling back to 1 default profile: "default"
2024-03-01T11:14:18.364-05:00  INFO 1965 --- [main] o.s.b.w.embedded.tomcat.TomcatWebServer  : Tomcat initialized with port 8080 (http)
2024-03-01T11:14:18.368-05:00  INFO 1965 --- [main] o.apache.catalina.core.StandardService   : Starting service [Tomcat]
2024-03-01T11:14:18.368-05:00  INFO 1965 --- [main] o.apache.catalina.core.StandardEngine    : Starting Servlet engine: [Apache Tomcat/10.1.19]
2024-03-01T11:14:18.381-05:00  INFO 1965 --- [main] o.a.c.c.C.[Tomcat].[localhost].[/]       : Initializing Spring embedded WebApplicationContext
2024-03-01T11:14:18.381-05:00  INFO 1965 --- [main] w.s.c.ServletWebServerApplicationContext : Root WebApplicationContext: initialization completed in 255 ms
2024-03-01T11:14:18.498-05:00  INFO 1965 --- [main] o.s.b.w.embedded.tomcat.TomcatWebServer  : Tomcat started on port 8080 (http) with context path ''
2024-03-01T11:14:18.502-05:00  INFO 1965 --- [main] c.w.l.LunchlineBackendApplication        : Started LunchlineBackendApplication in 0.518 seconds (process running for 0.706)
2024-03-01T11:14:18.531-05:00  INFO 1965 --- [cluster-ClusterId{value='65e1feda8730f13bae6b1771', description='null'}-srv-lunchcluster.aulglyi.mongodb.net] org.mongodb.driver.cluster               : Adding discovered server ac-r98zr4h-shard-00-01.aulglyi.mongodb.net:27017 to client view of cluster
2024-03-01T11:14:18.536-05:00  INFO 1965 --- [main] org.mongodb.driver.client                : MongoClient with metadata {"driver": {"name": "mongo-java-driver|sync", "version": "4.11.1"}, "os": {"type": "Darwin", "name": "Mac OS X", "architecture": "aarch64", "version": "14.2"}, "platform": "Java/Oracle Corporation/20.0.2+9-78"} created with settings MongoClientSettings{readPreference=primary, writeConcern=WriteConcern{w=majority, wTimeout=null ms, journal=null}, retryWrites=true, retryReads=true, readConcern=ReadConcern{level=null}, credential=MongoCredential{mechanism=null, userName='wduan', source='admin', password=<hidden>, mechanismProperties=<hidden>}, transportSettings=null, streamFactoryFactory=null, commandListeners=[], codecRegistry=ProvidersCodecRegistry{codecProviders=[ValueCodecProvider{}, BsonValueCodecProvider{}, DBRefCodecProvider{}, DBObjectCodecProvider{}, DocumentCodecProvider{}, CollectionCodecProvider{}, IterableCodecProvider{}, MapCodecProvider{}, GeoJsonCodecProvider{}, GridFSFileCodecProvider{}, Jsr310CodecProvider{}, JsonObjectCodecProvider{}, BsonCodecProvider{}, EnumCodecProvider{}, com.mongodb.client.model.mql.ExpressionCodecProvider@78307a56, com.mongodb.Jep395RecordCodecProvider@40d52be7, com.mongodb.KotlinCodecProvider@23ad71bf]}, loggerSettings=LoggerSettings{maxDocumentLength=1000}, clusterSettings={hosts=[127.0.0.1:27017], srvHost=lunchcluster.aulglyi.mongodb.net, srvServiceName=mongodb, mode=MULTIPLE, requiredClusterType=REPLICA_SET, requiredReplicaSetName='atlas-k5rfu7-shard-0', serverSelector='null', clusterListeners='[]', serverSelectionTimeout='30000 ms', localThreshold='15 ms'}, socketSettings=SocketSettings{connectTimeoutMS=10000, readTimeoutMS=0, receiveBufferSize=0, proxySettings=ProxySettings{host=null, port=null, username=null, password=null}}, heartbeatSocketSettings=SocketSettings{connectTimeoutMS=10000, readTimeoutMS=10000, receiveBufferSize=0, proxySettings=ProxySettings{host=null, port=null, username=null, password=null}}, connectionPoolSettings=ConnectionPoolSettings{maxSize=100, minSize=0, maxWaitTimeMS=120000, maxConnectionLifeTimeMS=0, maxConnectionIdleTimeMS=0, maintenanceInitialDelayMS=0, maintenanceFrequencyMS=60000, connectionPoolListeners=[], maxConnecting=2}, serverSettings=ServerSettings{heartbeatFrequencyMS=10000, minHeartbeatFrequencyMS=500, serverListeners='[]', serverMonitorListeners='[]'}, sslSettings=SslSettings{enabled=true, invalidHostNameAllowed=false, context=null}, applicationName='null', compressorList=[], uuidRepresentation=UNSPECIFIED, serverApi=ServerApi{version=V1, deprecationErrors=null, strict=null}, autoEncryptionSettings=null, dnsClient=null, inetAddressResolver=null, contextProvider=null}
2024-03-01T11:14:18.539-05:00  INFO 1965 --- [cluster-ClusterId{value='65e1feda8730f13bae6b1771', description='null'}-srv-lunchcluster.aulglyi.mongodb.net] org.mongodb.driver.cluster               : Adding discovered server ac-r98zr4h-shard-00-00.aulglyi.mongodb.net:27017 to client view of cluster
2024-03-01T11:14:18.540-05:00  INFO 1965 --- [cluster-ClusterId{value='65e1feda8730f13bae6b1771', description='null'}-srv-lunchcluster.aulglyi.mongodb.net] org.mongodb.driver.cluster               : Adding discovered server ac-r98zr4h-shard-00-02.aulglyi.mongodb.net:27017 to client view of cluster
2024-03-01T11:14:18.544-05:00  INFO 1965 --- [main] org.mongodb.driver.cluster               : No server chosen by ReadPreferenceServerSelector{readPreference=primary} from cluster description ClusterDescription{type=REPLICA_SET, connectionMode=MULTIPLE, serverDescriptions=[ServerDescription{address=ac-r98zr4h-shard-00-02.aulglyi.mongodb.net:27017, type=UNKNOWN, state=CONNECTING}, ServerDescription{address=ac-r98zr4h-shard-00-01.aulglyi.mongodb.net:27017, type=UNKNOWN, state=CONNECTING}, ServerDescription{address=ac-r98zr4h-shard-00-00.aulglyi.mongodb.net:27017, type=UNKNOWN, state=CONNECTING}]}. Waiting for 30000 ms before timing out
2024-03-01T11:14:18.810-05:00  INFO 1965 --- [cluster-ClusterId{value='65e1feda8730f13bae6b1771', description='null'}-ac-r98zr4h-shard-00-01.aulglyi.mongodb.net:27017] org.mongodb.driver.cluster               : Monitor thread successfully connected to server with description ServerDescription{address=ac-r98zr4h-shard-00-01.aulglyi.mongodb.net:27017, type=REPLICA_SET_PRIMARY, state=CONNECTED, ok=true, minWireVersion=0, maxWireVersion=17, maxDocumentSize=16777216, logicalSessionTimeoutMinutes=30, roundTripTimeNanos=209601833, setName='atlas-k5rfu7-shard-0', canonicalAddress=ac-r98zr4h-shard-00-01.aulglyi.mongodb.net:27017, hosts=[ac-r98zr4h-shard-00-02.aulglyi.mongodb.net:27017, ac-r98zr4h-shard-00-00.aulglyi.mongodb.net:27017, ac-r98zr4h-shard-00-01.aulglyi.mongodb.net:27017], passives=[], arbiters=[], primary='ac-r98zr4h-shard-00-01.aulglyi.mongodb.net:27017', tagSet=TagSet{[Tag{name='availabilityZone', value='use1-az6'}, Tag{name='diskState', value='READY'}, Tag{name='nodeType', value='ELECTABLE'}, Tag{name='provider', value='AWS'}, Tag{name='region', value='US_EAST_1'}, Tag{name='workloadType', value='OPERATIONAL'}]}, electionId=7fffffff0000000000000112, setVersion=19, topologyVersion=TopologyVersion{processId=65df9fe544571d2574e6ca38, counter=6}, lastWriteDate=Fri Mar 01 11:14:18 EST 2024, lastUpdateTimeNanos=3689452109833}
2024-03-01T11:14:18.810-05:00  INFO 1965 --- [cluster-ClusterId{value='65e1feda8730f13bae6b1771', description='null'}-ac-r98zr4h-shard-00-02.aulglyi.mongodb.net:27017] org.mongodb.driver.cluster               : Monitor thread successfully connected to server with description ServerDescription{address=ac-r98zr4h-shard-00-02.aulglyi.mongodb.net:27017, type=REPLICA_SET_SECONDARY, state=CONNECTED, ok=true, minWireVersion=0, maxWireVersion=17, maxDocumentSize=16777216, logicalSessionTimeoutMinutes=30, roundTripTimeNanos=210543125, setName='atlas-k5rfu7-shard-0', canonicalAddress=ac-r98zr4h-shard-00-02.aulglyi.mongodb.net:27017, hosts=[ac-r98zr4h-shard-00-02.aulglyi.mongodb.net:27017, ac-r98zr4h-shard-00-00.aulglyi.mongodb.net:27017, ac-r98zr4h-shard-00-01.aulglyi.mongodb.net:27017], passives=[], arbiters=[], primary='ac-r98zr4h-shard-00-01.aulglyi.mongodb.net:27017', tagSet=TagSet{[Tag{name='availabilityZone', value='use1-az1'}, Tag{name='diskState', value='READY'}, Tag{name='nodeType', value='ELECTABLE'}, Tag{name='provider', value='AWS'}, Tag{name='region', value='US_EAST_1'}, Tag{name='workloadType', value='OPERATIONAL'}]}, electionId=null, setVersion=19, topologyVersion=TopologyVersion{processId=65dfa050d1d5c426f1cbc47f, counter=3}, lastWriteDate=Fri Mar 01 11:14:18 EST 2024, lastUpdateTimeNanos=3689452065250}
2024-03-01T11:14:18.811-05:00  INFO 1965 --- [cluster-ClusterId{value='65e1feda8730f13bae6b1771', description='null'}-ac-r98zr4h-shard-00-01.aulglyi.mongodb.net:27017] org.mongodb.driver.cluster               : Discovered replica set primary ac-r98zr4h-shard-00-01.aulglyi.mongodb.net:27017 with max election id 7fffffff0000000000000112 and max set version 19
2024-03-01T11:14:18.846-05:00  INFO 1965 --- [cluster-ClusterId{value='65e1feda8730f13bae6b1771', description='null'}-ac-r98zr4h-shard-00-00.aulglyi.mongodb.net:27017] org.mongodb.driver.cluster               : Monitor thread successfully connected to server with description ServerDescription{address=ac-r98zr4h-shard-00-00.aulglyi.mongodb.net:27017, type=REPLICA_SET_SECONDARY, state=CONNECTED, ok=true, minWireVersion=0, maxWireVersion=17, maxDocumentSize=16777216, logicalSessionTimeoutMinutes=30, roundTripTimeNanos=246885291, setName='atlas-k5rfu7-shard-0', canonicalAddress=ac-r98zr4h-shard-00-00.aulglyi.mongodb.net:27017, hosts=[ac-r98zr4h-shard-00-02.aulglyi.mongodb.net:27017, ac-r98zr4h-shard-00-00.aulglyi.mongodb.net:27017, ac-r98zr4h-shard-00-01.aulglyi.mongodb.net:27017], passives=[], arbiters=[], primary='ac-r98zr4h-shard-00-01.aulglyi.mongodb.net:27017', tagSet=TagSet{[Tag{name='availabilityZone', value='use1-az4'}, Tag{name='diskState', value='READY'}, Tag{name='nodeType', value='ELECTABLE'}, Tag{name='provider', value='AWS'}, Tag{name='region', value='US_EAST_1'}, Tag{name='workloadType', value='OPERATIONAL'}]}, electionId=null, setVersion=19, topologyVersion=TopologyVersion{processId=65df9f7731d2b35e8b2b4fa8, counter=4}, lastWriteDate=Fri Mar 01 11:14:18 EST 2024, lastUpdateTimeNanos=3689488362791}
2024-03-01T11:14:19.067-05:00  INFO 1965 --- [main] c.wduan.lunchlinebackend.LogController   : Pinged your deployment. You successfully connected to MongoDB!
2024-03-01T11:14:19.068-05:00  INFO 1965 --- [main] c.wduan.lunchlinebackend.LogController   : d0/stdl located
2024-03-01T11:14:31.245-05:00  INFO 1965 --- [http-nio-8080-exec-2] o.a.c.c.C.[Tomcat].[localhost].[/]       : Initializing Spring DispatcherServlet 'dispatcherServlet'
2024-03-01T11:14:31.246-05:00  INFO 1965 --- [http-nio-8080-exec-2] o.s.web.servlet.DispatcherServlet        : Initializing Servlet 'dispatcherServlet'
2024-03-01T11:14:31.246-05:00  INFO 1965 --- [http-nio-8080-exec-2] o.s.web.servlet.DispatcherServlet        : Completed initialization in 0 ms
2024-03-01T11:14:31.313-05:00 ERROR 1965 --- [http-nio-8080-exec-2] o.a.c.c.C.[.[.[/].[dispatcherServlet]    : Servlet.service() for servlet [dispatcherServlet] in context with path [] threw exception [Request processing failed: java.lang.NullPointerException: Cannot invoke "java.lang.Integer.compareTo(java.lang.Integer)" because the return value of "java.util.Map$Entry.getValue()" is null] with root cause

java.lang.NullPointerException: Cannot invoke "java.lang.Integer.compareTo(java.lang.Integer)" because the return value of "java.util.Map$Entry.getValue()" is null
	at com.wduan.lunchlinebackend.util.Utils$1.compare(Utils.java:116) ~[main/:na]
	at com.wduan.lunchlinebackend.util.Utils$1.compare(Utils.java:114) ~[main/:na]
	at java.base/java.util.TimSort.countRunAndMakeAscending(TimSort.java:355) ~[na:na]
	at java.base/java.util.TimSort.sort(TimSort.java:220) ~[na:na]
	at java.base/java.util.Arrays.sort(Arrays.java:1233) ~[na:na]
	at java.base/java.util.List.sort(List.java:510) ~[na:na]
	at com.wduan.lunchlinebackend.util.Utils.sortByValue(Utils.java:114) ~[main/:na]
	at com.wduan.lunchlinebackend.controllers.LeaderboardController.getLeaderboard(LeaderboardController.java:31) ~[main/:na]
	at java.base/jdk.internal.reflect.DirectMethodHandleAccessor.invoke(DirectMethodHandleAccessor.java:104) ~[na:na]
	at java.base/java.lang.reflect.Method.invoke(Method.java:578) ~[na:na]
	at org.springframework.web.method.support.InvocableHandlerMethod.doInvoke(InvocableHandlerMethod.java:259) ~[spring-web-6.1.4.jar:6.1.4]
	at org.springframework.web.method.support.InvocableHandlerMethod.invokeForRequest(InvocableHandlerMethod.java:192) ~[spring-web-6.1.4.jar:6.1.4]
	at org.springframework.web.servlet.mvc.method.annotation.ServletInvocableHandlerMethod.invokeAndHandle(ServletInvocableHandlerMethod.java:118) ~[spring-webmvc-6.1.4.jar:6.1.4]
	at org.springframework.web.servlet.mvc.method.annotation.RequestMappingHandlerAdapter.invokeHandlerMethod(RequestMappingHandlerAdapter.java:920) ~[spring-webmvc-6.1.4.jar:6.1.4]
	at org.springframework.web.servlet.mvc.method.annotation.RequestMappingHandlerAdapter.handleInternal(RequestMappingHandlerAdapter.java:830) ~[spring-webmvc-6.1.4.jar:6.1.4]
	at org.springframework.web.servlet.mvc.method.AbstractHandlerMethodAdapter.handle(AbstractHandlerMethodAdapter.java:87) ~[spring-webmvc-6.1.4.jar:6.1.4]
	at org.springframework.web.servlet.DispatcherServlet.doDispatch(DispatcherServlet.java:1089) ~[spring-webmvc-6.1.4.jar:6.1.4]
	at org.springframework.web.servlet.DispatcherServlet.doService(DispatcherServlet.java:979) ~[spring-webmvc-6.1.4.jar:6.1.4]
	at org.springframework.web.servlet.FrameworkServlet.processRequest(FrameworkServlet.java:1014) ~[spring-webmvc-6.1.4.jar:6.1.4]
	at org.springframework.web.servlet.FrameworkServlet.doGet(FrameworkServlet.java:903) ~[spring-webmvc-6.1.4.jar:6.1.4]
	at jakarta.servlet.http.HttpServlet.service(HttpServlet.java:564) ~[tomcat-embed-core-10.1.19.jar:6.0]
	at org.springframework.web.servlet.FrameworkServlet.service(FrameworkServlet.java:885) ~[spring-webmvc-6.1.4.jar:6.1.4]
	at jakarta.servlet.http.HttpServlet.service(HttpServlet.java:658) ~[tomcat-embed-core-10.1.19.jar:6.0]
	at org.apache.catalina.core.ApplicationFilterChain.internalDoFilter(ApplicationFilterChain.java:205) ~[tomcat-embed-core-10.1.19.jar:10.1.19]
	at org.apache.catalina.core.ApplicationFilterChain.doFilter(ApplicationFilterChain.java:149) ~[tomcat-embed-core-10.1.19.jar:10.1.19]
	at org.apache.tomcat.websocket.server.WsFilter.doFilter(WsFilter.java:51) ~[tomcat-embed-websocket-10.1.19.jar:10.1.19]
	at org.apache.catalina.core.ApplicationFilterChain.internalDoFilter(ApplicationFilterChain.java:174) ~[tomcat-embed-core-10.1.19.jar:10.1.19]
	at org.apache.catalina.core.ApplicationFilterChain.doFilter(ApplicationFilterChain.java:149) ~[tomcat-embed-core-10.1.19.jar:10.1.19]
	at org.springframework.web.filter.RequestContextFilter.doFilterInternal(RequestContextFilter.java:100) ~[spring-web-6.1.4.jar:6.1.4]
	at org.springframework.web.filter.OncePerRequestFilter.doFilter(OncePerRequestFilter.java:116) ~[spring-web-6.1.4.jar:6.1.4]
	at org.apache.catalina.core.ApplicationFilterChain.internalDoFilter(ApplicationFilterChain.java:174) ~[tomcat-embed-core-10.1.19.jar:10.1.19]
	at org.apache.catalina.core.ApplicationFilterChain.doFilter(ApplicationFilterChain.java:149) ~[tomcat-embed-core-10.1.19.jar:10.1.19]
	at org.springframework.web.filter.FormContentFilter.doFilterInternal(FormContentFilter.java:93) ~[spring-web-6.1.4.jar:6.1.4]
	at org.springframework.web.filter.OncePerRequestFilter.doFilter(OncePerRequestFilter.java:116) ~[spring-web-6.1.4.jar:6.1.4]
	at org.apache.catalina.core.ApplicationFilterChain.internalDoFilter(ApplicationFilterChain.java:174) ~[tomcat-embed-core-10.1.19.jar:10.1.19]
	at org.apache.catalina.core.ApplicationFilterChain.doFilter(ApplicationFilterChain.java:149) ~[tomcat-embed-core-10.1.19.jar:10.1.19]
	at org.springframework.web.filter.CharacterEncodingFilter.doFilterInternal(CharacterEncodingFilter.java:201) ~[spring-web-6.1.4.jar:6.1.4]
	at org.springframework.web.filter.OncePerRequestFilter.doFilter(OncePerRequestFilter.java:116) ~[spring-web-6.1.4.jar:6.1.4]
	at org.apache.catalina.core.ApplicationFilterChain.internalDoFilter(ApplicationFilterChain.java:174) ~[tomcat-embed-core-10.1.19.jar:10.1.19]
	at org.apache.catalina.core.ApplicationFilterChain.doFilter(ApplicationFilterChain.java:149) ~[tomcat-embed-core-10.1.19.jar:10.1.19]
	at org.apache.catalina.core.StandardWrapperValve.invoke(StandardWrapperValve.java:167) ~[tomcat-embed-core-10.1.19.jar:10.1.19]
	at org.apache.catalina.core.StandardContextValve.invoke(StandardContextValve.java:90) ~[tomcat-embed-core-10.1.19.jar:10.1.19]
	at org.apache.catalina.authenticator.AuthenticatorBase.invoke(AuthenticatorBase.java:482) ~[tomcat-embed-core-10.1.19.jar:10.1.19]
	at org.apache.catalina.core.StandardHostValve.invoke(StandardHostValve.java:115) ~[tomcat-embed-core-10.1.19.jar:10.1.19]
	at org.apache.catalina.valves.ErrorReportValve.invoke(ErrorReportValve.java:93) ~[tomcat-embed-core-10.1.19.jar:10.1.19]
	at org.apache.catalina.core.StandardEngineValve.invoke(StandardEngineValve.java:74) ~[tomcat-embed-core-10.1.19.jar:10.1.19]
	at org.apache.catalina.connector.CoyoteAdapter.service(CoyoteAdapter.java:344) ~[tomcat-embed-core-10.1.19.jar:10.1.19]
	at org.apache.coyote.http11.Http11Processor.service(Http11Processor.java:391) ~[tomcat-embed-core-10.1.19.jar:10.1.19]
	at org.apache.coyote.AbstractProcessorLight.process(AbstractProcessorLight.java:63) ~[tomcat-embed-core-10.1.19.jar:10.1.19]
	at org.apache.coyote.AbstractProtocol$ConnectionHandler.process(AbstractProtocol.java:896) ~[tomcat-embed-core-10.1.19.jar:10.1.19]
	at org.apache.tomcat.util.net.NioEndpoint$SocketProcessor.doRun(NioEndpoint.java:1744) ~[tomcat-embed-core-10.1.19.jar:10.1.19]
	at org.apache.tomcat.util.net.SocketProcessorBase.run(SocketProcessorBase.java:52) ~[tomcat-embed-core-10.1.19.jar:10.1.19]
	at org.apache.tomcat.util.threads.ThreadPoolExecutor.runWorker(ThreadPoolExecutor.java:1191) ~[tomcat-embed-core-10.1.19.jar:10.1.19]
	at org.apache.tomcat.util.threads.ThreadPoolExecutor$Worker.run(ThreadPoolExecutor.java:659) ~[tomcat-embed-core-10.1.19.jar:10.1.19]
	at org.apache.tomcat.util.threads.TaskThread$WrappingRunnable.run(TaskThread.java:63) ~[tomcat-embed-core-10.1.19.jar:10.1.19]
	at java.base/java.lang.Thread.run(Thread.java:1623) ~[na:na]

2024-03-01T11:15:18.367-05:00  INFO 2014 --- [main] c.w.l.LunchlineBackendApplication        : Starting LunchlineBackendApplication using Java 20.0.2 with PID 2014 (/Users/wd/IdeaProjects/lunchline-backend/build/classes/java/main started by wd in /Users/wd/IdeaProjects/lunchline-backend)
2024-03-01T11:15:18.368-05:00  INFO 2014 --- [main] c.w.l.LunchlineBackendApplication        : No active profile set, falling back to 1 default profile: "default"
2024-03-01T11:15:18.635-05:00  INFO 2014 --- [main] o.s.b.w.embedded.tomcat.TomcatWebServer  : Tomcat initialized with port 8080 (http)
2024-03-01T11:15:18.639-05:00  INFO 2014 --- [main] o.apache.catalina.core.StandardService   : Starting service [Tomcat]
2024-03-01T11:15:18.639-05:00  INFO 2014 --- [main] o.apache.catalina.core.StandardEngine    : Starting Servlet engine: [Apache Tomcat/10.1.19]
2024-03-01T11:15:18.652-05:00  INFO 2014 --- [main] o.a.c.c.C.[Tomcat].[localhost].[/]       : Initializing Spring embedded WebApplicationContext
2024-03-01T11:15:18.653-05:00  INFO 2014 --- [main] w.s.c.ServletWebServerApplicationContext : Root WebApplicationContext: initialization completed in 268 ms
2024-03-01T11:15:18.767-05:00  INFO 2014 --- [main] o.s.b.w.embedded.tomcat.TomcatWebServer  : Tomcat started on port 8080 (http) with context path ''
2024-03-01T11:15:18.770-05:00  INFO 2014 --- [main] c.w.l.LunchlineBackendApplication        : Started LunchlineBackendApplication in 0.522 seconds (process running for 0.706)
2024-03-01T11:15:18.797-05:00  INFO 2014 --- [cluster-ClusterId{value='65e1ff1641a4ce7678ffe9a2', description='null'}-srv-lunchcluster.aulglyi.mongodb.net] org.mongodb.driver.cluster               : Adding discovered server ac-r98zr4h-shard-00-01.aulglyi.mongodb.net:27017 to client view of cluster
2024-03-01T11:15:18.803-05:00  INFO 2014 --- [main] org.mongodb.driver.client                : MongoClient with metadata {"driver": {"name": "mongo-java-driver|sync", "version": "4.11.1"}, "os": {"type": "Darwin", "name": "Mac OS X", "architecture": "aarch64", "version": "14.2"}, "platform": "Java/Oracle Corporation/20.0.2+9-78"} created with settings MongoClientSettings{readPreference=primary, writeConcern=WriteConcern{w=majority, wTimeout=null ms, journal=null}, retryWrites=true, retryReads=true, readConcern=ReadConcern{level=null}, credential=MongoCredential{mechanism=null, userName='wduan', source='admin', password=<hidden>, mechanismProperties=<hidden>}, transportSettings=null, streamFactoryFactory=null, commandListeners=[], codecRegistry=ProvidersCodecRegistry{codecProviders=[ValueCodecProvider{}, BsonValueCodecProvider{}, DBRefCodecProvider{}, DBObjectCodecProvider{}, DocumentCodecProvider{}, CollectionCodecProvider{}, IterableCodecProvider{}, MapCodecProvider{}, GeoJsonCodecProvider{}, GridFSFileCodecProvider{}, Jsr310CodecProvider{}, JsonObjectCodecProvider{}, BsonCodecProvider{}, EnumCodecProvider{}, com.mongodb.client.model.mql.ExpressionCodecProvider@7f13811b, com.mongodb.Jep395RecordCodecProvider@59fc6d05, com.mongodb.KotlinCodecProvider@78307a56]}, loggerSettings=LoggerSettings{maxDocumentLength=1000}, clusterSettings={hosts=[127.0.0.1:27017], srvHost=lunchcluster.aulglyi.mongodb.net, srvServiceName=mongodb, mode=MULTIPLE, requiredClusterType=REPLICA_SET, requiredReplicaSetName='atlas-k5rfu7-shard-0', serverSelector='null', clusterListeners='[]', serverSelectionTimeout='30000 ms', localThreshold='15 ms'}, socketSettings=SocketSettings{connectTimeoutMS=10000, readTimeoutMS=0, receiveBufferSize=0, proxySettings=ProxySettings{host=null, port=null, username=null, password=null}}, heartbeatSocketSettings=SocketSettings{connectTimeoutMS=10000, readTimeoutMS=10000, receiveBufferSize=0, proxySettings=ProxySettings{host=null, port=null, username=null, password=null}}, connectionPoolSettings=ConnectionPoolSettings{maxSize=100, minSize=0, maxWaitTimeMS=120000, maxConnectionLifeTimeMS=0, maxConnectionIdleTimeMS=0, maintenanceInitialDelayMS=0, maintenanceFrequencyMS=60000, connectionPoolListeners=[], maxConnecting=2}, serverSettings=ServerSettings{heartbeatFrequencyMS=10000, minHeartbeatFrequencyMS=500, serverListeners='[]', serverMonitorListeners='[]'}, sslSettings=SslSettings{enabled=true, invalidHostNameAllowed=false, context=null}, applicationName='null', compressorList=[], uuidRepresentation=UNSPECIFIED, serverApi=ServerApi{version=V1, deprecationErrors=null, strict=null}, autoEncryptionSettings=null, dnsClient=null, inetAddressResolver=null, contextProvider=null}
2024-03-01T11:15:18.805-05:00  INFO 2014 --- [cluster-ClusterId{value='65e1ff1641a4ce7678ffe9a2', description='null'}-srv-lunchcluster.aulglyi.mongodb.net] org.mongodb.driver.cluster               : Adding discovered server ac-r98zr4h-shard-00-00.aulglyi.mongodb.net:27017 to client view of cluster
2024-03-01T11:15:18.806-05:00  INFO 2014 --- [cluster-ClusterId{value='65e1ff1641a4ce7678ffe9a2', description='null'}-srv-lunchcluster.aulglyi.mongodb.net] org.mongodb.driver.cluster               : Adding discovered server ac-r98zr4h-shard-00-02.aulglyi.mongodb.net:27017 to client view of cluster
2024-03-01T11:15:18.813-05:00  INFO 2014 --- [main] org.mongodb.driver.cluster               : No server chosen by ReadPreferenceServerSelector{readPreference=primary} from cluster description ClusterDescription{type=REPLICA_SET, connectionMode=MULTIPLE, serverDescriptions=[ServerDescription{address=ac-r98zr4h-shard-00-02.aulglyi.mongodb.net:27017, type=UNKNOWN, state=CONNECTING}, ServerDescription{address=ac-r98zr4h-shard-00-01.aulglyi.mongodb.net:27017, type=UNKNOWN, state=CONNECTING}, ServerDescription{address=ac-r98zr4h-shard-00-00.aulglyi.mongodb.net:27017, type=UNKNOWN, state=CONNECTING}]}. Waiting for 30000 ms before timing out
2024-03-01T11:15:19.337-05:00  INFO 2014 --- [cluster-ClusterId{value='65e1ff1641a4ce7678ffe9a2', description='null'}-ac-r98zr4h-shard-00-01.aulglyi.mongodb.net:27017] org.mongodb.driver.cluster               : Monitor thread successfully connected to server with description ServerDescription{address=ac-r98zr4h-shard-00-01.aulglyi.mongodb.net:27017, type=REPLICA_SET_PRIMARY, state=CONNECTED, ok=true, minWireVersion=0, maxWireVersion=17, maxDocumentSize=16777216, logicalSessionTimeoutMinutes=30, roundTripTimeNanos=365595208, setName='atlas-k5rfu7-shard-0', canonicalAddress=ac-r98zr4h-shard-00-01.aulglyi.mongodb.net:27017, hosts=[ac-r98zr4h-shard-00-02.aulglyi.mongodb.net:27017, ac-r98zr4h-shard-00-00.aulglyi.mongodb.net:27017, ac-r98zr4h-shard-00-01.aulglyi.mongodb.net:27017], passives=[], arbiters=[], primary='ac-r98zr4h-shard-00-01.aulglyi.mongodb.net:27017', tagSet=TagSet{[Tag{name='availabilityZone', value='use1-az6'}, Tag{name='diskState', value='READY'}, Tag{name='nodeType', value='ELECTABLE'}, Tag{name='provider', value='AWS'}, Tag{name='region', value='US_EAST_1'}, Tag{name='workloadType', value='OPERATIONAL'}]}, electionId=7fffffff0000000000000112, setVersion=19, topologyVersion=TopologyVersion{processId=65df9fe544571d2574e6ca38, counter=6}, lastWriteDate=Fri Mar 01 11:15:19 EST 2024, lastUpdateTimeNanos=3749978809000}
2024-03-01T11:15:19.337-05:00  INFO 2014 --- [cluster-ClusterId{value='65e1ff1641a4ce7678ffe9a2', description='null'}-ac-r98zr4h-shard-00-02.aulglyi.mongodb.net:27017] org.mongodb.driver.cluster               : Monitor thread successfully connected to server with description ServerDescription{address=ac-r98zr4h-shard-00-02.aulglyi.mongodb.net:27017, type=REPLICA_SET_SECONDARY, state=CONNECTED, ok=true, minWireVersion=0, maxWireVersion=17, maxDocumentSize=16777216, logicalSessionTimeoutMinutes=30, roundTripTimeNanos=366188292, setName='atlas-k5rfu7-shard-0', canonicalAddress=ac-r98zr4h-shard-00-02.aulglyi.mongodb.net:27017, hosts=[ac-r98zr4h-shard-00-02.aulglyi.mongodb.net:27017, ac-r98zr4h-shard-00-00.aulglyi.mongodb.net:27017, ac-r98zr4h-shard-00-01.aulglyi.mongodb.net:27017], passives=[], arbiters=[], primary='ac-r98zr4h-shard-00-01.aulglyi.mongodb.net:27017', tagSet=TagSet{[Tag{name='availabilityZone', value='use1-az1'}, Tag{name='diskState', value='READY'}, Tag{name='nodeType', value='ELECTABLE'}, Tag{name='provider', value='AWS'}, Tag{name='region', value='US_EAST_1'}, Tag{name='workloadType', value='OPERATIONAL'}]}, electionId=null, setVersion=19, topologyVersion=TopologyVersion{processId=65dfa050d1d5c426f1cbc47f, counter=3}, lastWriteDate=Fri Mar 01 11:15:19 EST 2024, lastUpdateTimeNanos=3749978834000}
2024-03-01T11:15:19.338-05:00  INFO 2014 --- [cluster-ClusterId{value='65e1ff1641a4ce7678ffe9a2', description='null'}-ac-r98zr4h-shard-00-01.aulglyi.mongodb.net:27017] org.mongodb.driver.cluster               : Discovered replica set primary ac-r98zr4h-shard-00-01.aulglyi.mongodb.net:27017 with max election id 7fffffff0000000000000112 and max set version 19
2024-03-01T11:15:19.338-05:00  INFO 2014 --- [cluster-ClusterId{value='65e1ff1641a4ce7678ffe9a2', description='null'}-ac-r98zr4h-shard-00-00.aulglyi.mongodb.net:27017] org.mongodb.driver.cluster               : Monitor thread successfully connected to server with description ServerDescription{address=ac-r98zr4h-shard-00-00.aulglyi.mongodb.net:27017, type=REPLICA_SET_SECONDARY, state=CONNECTED, ok=true, minWireVersion=0, maxWireVersion=17, maxDocumentSize=16777216, logicalSessionTimeoutMinutes=30, roundTripTimeNanos=367202500, setName='atlas-k5rfu7-shard-0', canonicalAddress=ac-r98zr4h-shard-00-00.aulglyi.mongodb.net:27017, hosts=[ac-r98zr4h-shard-00-02.aulglyi.mongodb.net:27017, ac-r98zr4h-shard-00-00.aulglyi.mongodb.net:27017, ac-r98zr4h-shard-00-01.aulglyi.mongodb.net:27017], passives=[], arbiters=[], primary='ac-r98zr4h-shard-00-01.aulglyi.mongodb.net:27017', tagSet=TagSet{[Tag{name='availabilityZone', value='use1-az4'}, Tag{name='diskState', value='READY'}, Tag{name='nodeType', value='ELECTABLE'}, Tag{name='provider', value='AWS'}, Tag{name='region', value='US_EAST_1'}, Tag{name='workloadType', value='OPERATIONAL'}]}, electionId=null, setVersion=19, topologyVersion=TopologyVersion{processId=65df9f7731d2b35e8b2b4fa8, counter=4}, lastWriteDate=Fri Mar 01 11:15:19 EST 2024, lastUpdateTimeNanos=3749980356875}
2024-03-01T11:15:19.704-05:00  INFO 2014 --- [main] c.wduan.lunchlinebackend.LogController   : Pinged your deployment. You successfully connected to MongoDB!
2024-03-01T11:15:19.706-05:00  INFO 2014 --- [main] c.wduan.lunchlinebackend.LogController   : d0/stdl located
2024-03-01T11:15:27.160-05:00  INFO 2014 --- [http-nio-8080-exec-2] o.a.c.c.C.[Tomcat].[localhost].[/]       : Initializing Spring DispatcherServlet 'dispatcherServlet'
2024-03-01T11:15:27.160-05:00  INFO 2014 --- [http-nio-8080-exec-2] o.s.web.servlet.DispatcherServlet        : Initializing Servlet 'dispatcherServlet'
2024-03-01T11:15:27.161-05:00  INFO 2014 --- [http-nio-8080-exec-2] o.s.web.servlet.DispatcherServlet        : Completed initialization in 1 ms
2024-03-01T11:15:27.225-05:00 ERROR 2014 --- [http-nio-8080-exec-2] o.a.c.c.C.[.[.[/].[dispatcherServlet]    : Servlet.service() for servlet [dispatcherServlet] in context with path [] threw exception [Request processing failed: java.lang.NullPointerException: Cannot invoke "java.lang.Integer.compareTo(java.lang.Integer)" because the return value of "java.util.Map$Entry.getValue()" is null] with root cause

java.lang.NullPointerException: Cannot invoke "java.lang.Integer.compareTo(java.lang.Integer)" because the return value of "java.util.Map$Entry.getValue()" is null
	at com.wduan.lunchlinebackend.util.Utils$1.compare(Utils.java:116) ~[main/:na]
	at com.wduan.lunchlinebackend.util.Utils$1.compare(Utils.java:114) ~[main/:na]
	at java.base/java.util.TimSort.countRunAndMakeAscending(TimSort.java:355) ~[na:na]
	at java.base/java.util.TimSort.sort(TimSort.java:220) ~[na:na]
	at java.base/java.util.Arrays.sort(Arrays.java:1233) ~[na:na]
	at java.base/java.util.List.sort(List.java:510) ~[na:na]
	at com.wduan.lunchlinebackend.util.Utils.sortByValue(Utils.java:114) ~[main/:na]
	at com.wduan.lunchlinebackend.controllers.LeaderboardController.getLeaderboard(LeaderboardController.java:32) ~[main/:na]
	at java.base/jdk.internal.reflect.DirectMethodHandleAccessor.invoke(DirectMethodHandleAccessor.java:104) ~[na:na]
	at java.base/java.lang.reflect.Method.invoke(Method.java:578) ~[na:na]
	at org.springframework.web.method.support.InvocableHandlerMethod.doInvoke(InvocableHandlerMethod.java:259) ~[spring-web-6.1.4.jar:6.1.4]
	at org.springframework.web.method.support.InvocableHandlerMethod.invokeForRequest(InvocableHandlerMethod.java:192) ~[spring-web-6.1.4.jar:6.1.4]
	at org.springframework.web.servlet.mvc.method.annotation.ServletInvocableHandlerMethod.invokeAndHandle(ServletInvocableHandlerMethod.java:118) ~[spring-webmvc-6.1.4.jar:6.1.4]
	at org.springframework.web.servlet.mvc.method.annotation.RequestMappingHandlerAdapter.invokeHandlerMethod(RequestMappingHandlerAdapter.java:920) ~[spring-webmvc-6.1.4.jar:6.1.4]
	at org.springframework.web.servlet.mvc.method.annotation.RequestMappingHandlerAdapter.handleInternal(RequestMappingHandlerAdapter.java:830) ~[spring-webmvc-6.1.4.jar:6.1.4]
	at org.springframework.web.servlet.mvc.method.AbstractHandlerMethodAdapter.handle(AbstractHandlerMethodAdapter.java:87) ~[spring-webmvc-6.1.4.jar:6.1.4]
	at org.springframework.web.servlet.DispatcherServlet.doDispatch(DispatcherServlet.java:1089) ~[spring-webmvc-6.1.4.jar:6.1.4]
	at org.springframework.web.servlet.DispatcherServlet.doService(DispatcherServlet.java:979) ~[spring-webmvc-6.1.4.jar:6.1.4]
	at org.springframework.web.servlet.FrameworkServlet.processRequest(FrameworkServlet.java:1014) ~[spring-webmvc-6.1.4.jar:6.1.4]
	at org.springframework.web.servlet.FrameworkServlet.doGet(FrameworkServlet.java:903) ~[spring-webmvc-6.1.4.jar:6.1.4]
	at jakarta.servlet.http.HttpServlet.service(HttpServlet.java:564) ~[tomcat-embed-core-10.1.19.jar:6.0]
	at org.springframework.web.servlet.FrameworkServlet.service(FrameworkServlet.java:885) ~[spring-webmvc-6.1.4.jar:6.1.4]
	at jakarta.servlet.http.HttpServlet.service(HttpServlet.java:658) ~[tomcat-embed-core-10.1.19.jar:6.0]
	at org.apache.catalina.core.ApplicationFilterChain.internalDoFilter(ApplicationFilterChain.java:205) ~[tomcat-embed-core-10.1.19.jar:10.1.19]
	at org.apache.catalina.core.ApplicationFilterChain.doFilter(ApplicationFilterChain.java:149) ~[tomcat-embed-core-10.1.19.jar:10.1.19]
	at org.apache.tomcat.websocket.server.WsFilter.doFilter(WsFilter.java:51) ~[tomcat-embed-websocket-10.1.19.jar:10.1.19]
	at org.apache.catalina.core.ApplicationFilterChain.internalDoFilter(ApplicationFilterChain.java:174) ~[tomcat-embed-core-10.1.19.jar:10.1.19]
	at org.apache.catalina.core.ApplicationFilterChain.doFilter(ApplicationFilterChain.java:149) ~[tomcat-embed-core-10.1.19.jar:10.1.19]
	at org.springframework.web.filter.RequestContextFilter.doFilterInternal(RequestContextFilter.java:100) ~[spring-web-6.1.4.jar:6.1.4]
	at org.springframework.web.filter.OncePerRequestFilter.doFilter(OncePerRequestFilter.java:116) ~[spring-web-6.1.4.jar:6.1.4]
	at org.apache.catalina.core.ApplicationFilterChain.internalDoFilter(ApplicationFilterChain.java:174) ~[tomcat-embed-core-10.1.19.jar:10.1.19]
	at org.apache.catalina.core.ApplicationFilterChain.doFilter(ApplicationFilterChain.java:149) ~[tomcat-embed-core-10.1.19.jar:10.1.19]
	at org.springframework.web.filter.FormContentFilter.doFilterInternal(FormContentFilter.java:93) ~[spring-web-6.1.4.jar:6.1.4]
	at org.springframework.web.filter.OncePerRequestFilter.doFilter(OncePerRequestFilter.java:116) ~[spring-web-6.1.4.jar:6.1.4]
	at org.apache.catalina.core.ApplicationFilterChain.internalDoFilter(ApplicationFilterChain.java:174) ~[tomcat-embed-core-10.1.19.jar:10.1.19]
	at org.apache.catalina.core.ApplicationFilterChain.doFilter(ApplicationFilterChain.java:149) ~[tomcat-embed-core-10.1.19.jar:10.1.19]
	at org.springframework.web.filter.CharacterEncodingFilter.doFilterInternal(CharacterEncodingFilter.java:201) ~[spring-web-6.1.4.jar:6.1.4]
	at org.springframework.web.filter.OncePerRequestFilter.doFilter(OncePerRequestFilter.java:116) ~[spring-web-6.1.4.jar:6.1.4]
	at org.apache.catalina.core.ApplicationFilterChain.internalDoFilter(ApplicationFilterChain.java:174) ~[tomcat-embed-core-10.1.19.jar:10.1.19]
	at org.apache.catalina.core.ApplicationFilterChain.doFilter(ApplicationFilterChain.java:149) ~[tomcat-embed-core-10.1.19.jar:10.1.19]
	at org.apache.catalina.core.StandardWrapperValve.invoke(StandardWrapperValve.java:167) ~[tomcat-embed-core-10.1.19.jar:10.1.19]
	at org.apache.catalina.core.StandardContextValve.invoke(StandardContextValve.java:90) ~[tomcat-embed-core-10.1.19.jar:10.1.19]
	at org.apache.catalina.authenticator.AuthenticatorBase.invoke(AuthenticatorBase.java:482) ~[tomcat-embed-core-10.1.19.jar:10.1.19]
	at org.apache.catalina.core.StandardHostValve.invoke(StandardHostValve.java:115) ~[tomcat-embed-core-10.1.19.jar:10.1.19]
	at org.apache.catalina.valves.ErrorReportValve.invoke(ErrorReportValve.java:93) ~[tomcat-embed-core-10.1.19.jar:10.1.19]
	at org.apache.catalina.core.StandardEngineValve.invoke(StandardEngineValve.java:74) ~[tomcat-embed-core-10.1.19.jar:10.1.19]
	at org.apache.catalina.connector.CoyoteAdapter.service(CoyoteAdapter.java:344) ~[tomcat-embed-core-10.1.19.jar:10.1.19]
	at org.apache.coyote.http11.Http11Processor.service(Http11Processor.java:391) ~[tomcat-embed-core-10.1.19.jar:10.1.19]
	at org.apache.coyote.AbstractProcessorLight.process(AbstractProcessorLight.java:63) ~[tomcat-embed-core-10.1.19.jar:10.1.19]
	at org.apache.coyote.AbstractProtocol$ConnectionHandler.process(AbstractProtocol.java:896) ~[tomcat-embed-core-10.1.19.jar:10.1.19]
	at org.apache.tomcat.util.net.NioEndpoint$SocketProcessor.doRun(NioEndpoint.java:1744) ~[tomcat-embed-core-10.1.19.jar:10.1.19]
	at org.apache.tomcat.util.net.SocketProcessorBase.run(SocketProcessorBase.java:52) ~[tomcat-embed-core-10.1.19.jar:10.1.19]
	at org.apache.tomcat.util.threads.ThreadPoolExecutor.runWorker(ThreadPoolExecutor.java:1191) ~[tomcat-embed-core-10.1.19.jar:10.1.19]
	at org.apache.tomcat.util.threads.ThreadPoolExecutor$Worker.run(ThreadPoolExecutor.java:659) ~[tomcat-embed-core-10.1.19.jar:10.1.19]
	at org.apache.tomcat.util.threads.TaskThread$WrappingRunnable.run(TaskThread.java:63) ~[tomcat-embed-core-10.1.19.jar:10.1.19]
	at java.base/java.lang.Thread.run(Thread.java:1623) ~[na:na]

2024-03-01T11:15:53.758-05:00  INFO 2024 --- [main] c.w.l.LunchlineBackendApplication        : Starting LunchlineBackendApplication using Java 20.0.2 with PID 2024 (/Users/wd/IdeaProjects/lunchline-backend/build/classes/java/main started by wd in /Users/wd/IdeaProjects/lunchline-backend)
2024-03-01T11:15:53.758-05:00  INFO 2024 --- [main] c.w.l.LunchlineBackendApplication        : No active profile set, falling back to 1 default profile: "default"
2024-03-01T11:15:54.011-05:00  INFO 2024 --- [main] o.s.b.w.embedded.tomcat.TomcatWebServer  : Tomcat initialized with port 8080 (http)
2024-03-01T11:15:54.015-05:00  INFO 2024 --- [main] o.apache.catalina.core.StandardService   : Starting service [Tomcat]
2024-03-01T11:15:54.015-05:00  INFO 2024 --- [main] o.apache.catalina.core.StandardEngine    : Starting Servlet engine: [Apache Tomcat/10.1.19]
2024-03-01T11:15:54.028-05:00  INFO 2024 --- [main] o.a.c.c.C.[Tomcat].[localhost].[/]       : Initializing Spring embedded WebApplicationContext
2024-03-01T11:15:54.028-05:00  INFO 2024 --- [main] w.s.c.ServletWebServerApplicationContext : Root WebApplicationContext: initialization completed in 253 ms
2024-03-01T11:15:54.144-05:00  INFO 2024 --- [main] o.s.b.w.embedded.tomcat.TomcatWebServer  : Tomcat started on port 8080 (http) with context path ''
2024-03-01T11:15:54.147-05:00  INFO 2024 --- [main] c.w.l.LunchlineBackendApplication        : Started LunchlineBackendApplication in 0.505 seconds (process running for 0.69)
2024-03-01T11:15:54.276-05:00  INFO 2024 --- [main] org.mongodb.driver.client                : MongoClient with metadata {"driver": {"name": "mongo-java-driver|sync", "version": "4.11.1"}, "os": {"type": "Darwin", "name": "Mac OS X", "architecture": "aarch64", "version": "14.2"}, "platform": "Java/Oracle Corporation/20.0.2+9-78"} created with settings MongoClientSettings{readPreference=primary, writeConcern=WriteConcern{w=majority, wTimeout=null ms, journal=null}, retryWrites=true, retryReads=true, readConcern=ReadConcern{level=null}, credential=MongoCredential{mechanism=null, userName='wduan', source='admin', password=<hidden>, mechanismProperties=<hidden>}, transportSettings=null, streamFactoryFactory=null, commandListeners=[], codecRegistry=ProvidersCodecRegistry{codecProviders=[ValueCodecProvider{}, BsonValueCodecProvider{}, DBRefCodecProvider{}, DBObjectCodecProvider{}, DocumentCodecProvider{}, CollectionCodecProvider{}, IterableCodecProvider{}, MapCodecProvider{}, GeoJsonCodecProvider{}, GridFSFileCodecProvider{}, Jsr310CodecProvider{}, JsonObjectCodecProvider{}, BsonCodecProvider{}, EnumCodecProvider{}, com.mongodb.client.model.mql.ExpressionCodecProvider@6579cdbb, com.mongodb.Jep395RecordCodecProvider@fd413fb, com.mongodb.KotlinCodecProvider@1e1232cf]}, loggerSettings=LoggerSettings{maxDocumentLength=1000}, clusterSettings={hosts=[127.0.0.1:27017], srvHost=lunchcluster.aulglyi.mongodb.net, srvServiceName=mongodb, mode=MULTIPLE, requiredClusterType=REPLICA_SET, requiredReplicaSetName='atlas-k5rfu7-shard-0', serverSelector='null', clusterListeners='[]', serverSelectionTimeout='30000 ms', localThreshold='15 ms'}, socketSettings=SocketSettings{connectTimeoutMS=10000, readTimeoutMS=0, receiveBufferSize=0, proxySettings=ProxySettings{host=null, port=null, username=null, password=null}}, heartbeatSocketSettings=SocketSettings{connectTimeoutMS=10000, readTimeoutMS=10000, receiveBufferSize=0, proxySettings=ProxySettings{host=null, port=null, username=null, password=null}}, connectionPoolSettings=ConnectionPoolSettings{maxSize=100, minSize=0, maxWaitTimeMS=120000, maxConnectionLifeTimeMS=0, maxConnectionIdleTimeMS=0, maintenanceInitialDelayMS=0, maintenanceFrequencyMS=60000, connectionPoolListeners=[], maxConnecting=2}, serverSettings=ServerSettings{heartbeatFrequencyMS=10000, minHeartbeatFrequencyMS=500, serverListeners='[]', serverMonitorListeners='[]'}, sslSettings=SslSettings{enabled=true, invalidHostNameAllowed=false, context=null}, applicationName='null', compressorList=[], uuidRepresentation=UNSPECIFIED, serverApi=ServerApi{version=V1, deprecationErrors=null, strict=null}, autoEncryptionSettings=null, dnsClient=null, inetAddressResolver=null, contextProvider=null}
2024-03-01T11:15:54.283-05:00  INFO 2024 --- [main] org.mongodb.driver.cluster               : No server chosen by ReadPreferenceServerSelector{readPreference=primary} from cluster description ClusterDescription{type=UNKNOWN, connectionMode=MULTIPLE, serverDescriptions=[]}. Waiting for 30000 ms before timing out
2024-03-01T11:15:54.316-05:00  INFO 2024 --- [cluster-ClusterId{value='65e1ff3a9632562fd99df8f1', description='null'}-srv-lunchcluster.aulglyi.mongodb.net] org.mongodb.driver.cluster               : Adding discovered server ac-r98zr4h-shard-00-01.aulglyi.mongodb.net:27017 to client view of cluster
2024-03-01T11:15:54.324-05:00  INFO 2024 --- [cluster-ClusterId{value='65e1ff3a9632562fd99df8f1', description='null'}-srv-lunchcluster.aulglyi.mongodb.net] org.mongodb.driver.cluster               : Adding discovered server ac-r98zr4h-shard-00-00.aulglyi.mongodb.net:27017 to client view of cluster
2024-03-01T11:15:54.325-05:00  INFO 2024 --- [cluster-ClusterId{value='65e1ff3a9632562fd99df8f1', description='null'}-srv-lunchcluster.aulglyi.mongodb.net] org.mongodb.driver.cluster               : Adding discovered server ac-r98zr4h-shard-00-02.aulglyi.mongodb.net:27017 to client view of cluster
2024-03-01T11:15:54.632-05:00  INFO 2024 --- [cluster-ClusterId{value='65e1ff3a9632562fd99df8f1', description='null'}-ac-r98zr4h-shard-00-01.aulglyi.mongodb.net:27017] org.mongodb.driver.cluster               : Monitor thread successfully connected to server with description ServerDescription{address=ac-r98zr4h-shard-00-01.aulglyi.mongodb.net:27017, type=REPLICA_SET_PRIMARY, state=CONNECTED, ok=true, minWireVersion=0, maxWireVersion=17, maxDocumentSize=16777216, logicalSessionTimeoutMinutes=30, roundTripTimeNanos=214885375, setName='atlas-k5rfu7-shard-0', canonicalAddress=ac-r98zr4h-shard-00-01.aulglyi.mongodb.net:27017, hosts=[ac-r98zr4h-shard-00-02.aulglyi.mongodb.net:27017, ac-r98zr4h-shard-00-00.aulglyi.mongodb.net:27017, ac-r98zr4h-shard-00-01.aulglyi.mongodb.net:27017], passives=[], arbiters=[], primary='ac-r98zr4h-shard-00-01.aulglyi.mongodb.net:27017', tagSet=TagSet{[Tag{name='availabilityZone', value='use1-az6'}, Tag{name='diskState', value='READY'}, Tag{name='nodeType', value='ELECTABLE'}, Tag{name='provider', value='AWS'}, Tag{name='region', value='US_EAST_1'}, Tag{name='workloadType', value='OPERATIONAL'}]}, electionId=7fffffff0000000000000112, setVersion=19, topologyVersion=TopologyVersion{processId=65df9fe544571d2574e6ca38, counter=6}, lastWriteDate=Fri Mar 01 11:15:54 EST 2024, lastUpdateTimeNanos=3785274069333}
2024-03-01T11:15:54.633-05:00  INFO 2024 --- [cluster-ClusterId{value='65e1ff3a9632562fd99df8f1', description='null'}-ac-r98zr4h-shard-00-01.aulglyi.mongodb.net:27017] org.mongodb.driver.cluster               : Discovered replica set primary ac-r98zr4h-shard-00-01.aulglyi.mongodb.net:27017 with max election id 7fffffff0000000000000112 and max set version 19
2024-03-01T11:15:54.823-05:00  INFO 2024 --- [cluster-ClusterId{value='65e1ff3a9632562fd99df8f1', description='null'}-ac-r98zr4h-shard-00-00.aulglyi.mongodb.net:27017] org.mongodb.driver.cluster               : Monitor thread successfully connected to server with description ServerDescription{address=ac-r98zr4h-shard-00-00.aulglyi.mongodb.net:27017, type=REPLICA_SET_SECONDARY, state=CONNECTED, ok=true, minWireVersion=0, maxWireVersion=17, maxDocumentSize=16777216, logicalSessionTimeoutMinutes=30, roundTripTimeNanos=406452000, setName='atlas-k5rfu7-shard-0', canonicalAddress=ac-r98zr4h-shard-00-00.aulglyi.mongodb.net:27017, hosts=[ac-r98zr4h-shard-00-02.aulglyi.mongodb.net:27017, ac-r98zr4h-shard-00-00.aulglyi.mongodb.net:27017, ac-r98zr4h-shard-00-01.aulglyi.mongodb.net:27017], passives=[], arbiters=[], primary='ac-r98zr4h-shard-00-01.aulglyi.mongodb.net:27017', tagSet=TagSet{[Tag{name='availabilityZone', value='use1-az4'}, Tag{name='diskState', value='READY'}, Tag{name='nodeType', value='ELECTABLE'}, Tag{name='provider', value='AWS'}, Tag{name='region', value='US_EAST_1'}, Tag{name='workloadType', value='OPERATIONAL'}]}, electionId=null, setVersion=19, topologyVersion=TopologyVersion{processId=65df9f7731d2b35e8b2b4fa8, counter=4}, lastWriteDate=Fri Mar 01 11:15:54 EST 2024, lastUpdateTimeNanos=3785465638458}
2024-03-01T11:15:54.824-05:00  INFO 2024 --- [cluster-ClusterId{value='65e1ff3a9632562fd99df8f1', description='null'}-ac-r98zr4h-shard-00-02.aulglyi.mongodb.net:27017] org.mongodb.driver.cluster               : Monitor thread successfully connected to server with description ServerDescription{address=ac-r98zr4h-shard-00-02.aulglyi.mongodb.net:27017, type=REPLICA_SET_SECONDARY, state=CONNECTED, ok=true, minWireVersion=0, maxWireVersion=17, maxDocumentSize=16777216, logicalSessionTimeoutMinutes=30, roundTripTimeNanos=407686292, setName='atlas-k5rfu7-shard-0', canonicalAddress=ac-r98zr4h-shard-00-02.aulglyi.mongodb.net:27017, hosts=[ac-r98zr4h-shard-00-02.aulglyi.mongodb.net:27017, ac-r98zr4h-shard-00-00.aulglyi.mongodb.net:27017, ac-r98zr4h-shard-00-01.aulglyi.mongodb.net:27017], passives=[], arbiters=[], primary='ac-r98zr4h-shard-00-01.aulglyi.mongodb.net:27017', tagSet=TagSet{[Tag{name='availabilityZone', value='use1-az1'}, Tag{name='diskState', value='READY'}, Tag{name='nodeType', value='ELECTABLE'}, Tag{name='provider', value='AWS'}, Tag{name='region', value='US_EAST_1'}, Tag{name='workloadType', value='OPERATIONAL'}]}, electionId=null, setVersion=19, topologyVersion=TopologyVersion{processId=65dfa050d1d5c426f1cbc47f, counter=3}, lastWriteDate=Fri Mar 01 11:15:54 EST 2024, lastUpdateTimeNanos=3785466871750}
2024-03-01T11:15:55.162-05:00  INFO 2024 --- [main] c.wduan.lunchlinebackend.LogController   : Pinged your deployment. You successfully connected to MongoDB!
2024-03-01T11:15:55.164-05:00  INFO 2024 --- [main] c.wduan.lunchlinebackend.LogController   : d0/stdl located
2024-03-01T11:15:56.858-05:00  INFO 2024 --- [http-nio-8080-exec-1] o.a.c.c.C.[Tomcat].[localhost].[/]       : Initializing Spring DispatcherServlet 'dispatcherServlet'
2024-03-01T11:15:56.858-05:00  INFO 2024 --- [http-nio-8080-exec-1] o.s.web.servlet.DispatcherServlet        : Initializing Servlet 'dispatcherServlet'
2024-03-01T11:15:56.859-05:00  INFO 2024 --- [http-nio-8080-exec-1] o.s.web.servlet.DispatcherServlet        : Completed initialization in 1 ms
2024-03-01T11:15:56.961-05:00  WARN 2024 --- [http-nio-8080-exec-1] .w.s.m.s.DefaultHandlerExceptionResolver : Resolved [org.springframework.http.converter.HttpMessageNotWritableException: Could not write JSON: Array must have size 1, but has size 3]
2024-03-01T11:19:18.603-05:00  INFO 2074 --- [main] c.w.l.LunchlineBackendApplication        : Starting LunchlineBackendApplication using Java 20.0.2 with PID 2074 (/Users/wd/IdeaProjects/lunchline-backend/build/classes/java/main started by wd in /Users/wd/IdeaProjects/lunchline-backend)
2024-03-01T11:19:18.604-05:00  INFO 2074 --- [main] c.w.l.LunchlineBackendApplication        : No active profile set, falling back to 1 default profile: "default"
2024-03-01T11:19:18.861-05:00  INFO 2074 --- [main] o.s.b.w.embedded.tomcat.TomcatWebServer  : Tomcat initialized with port 8080 (http)
2024-03-01T11:19:18.865-05:00  INFO 2074 --- [main] o.apache.catalina.core.StandardService   : Starting service [Tomcat]
2024-03-01T11:19:18.865-05:00  INFO 2074 --- [main] o.apache.catalina.core.StandardEngine    : Starting Servlet engine: [Apache Tomcat/10.1.19]
2024-03-01T11:19:18.877-05:00  INFO 2074 --- [main] o.a.c.c.C.[Tomcat].[localhost].[/]       : Initializing Spring embedded WebApplicationContext
2024-03-01T11:19:18.877-05:00  INFO 2074 --- [main] w.s.c.ServletWebServerApplicationContext : Root WebApplicationContext: initialization completed in 256 ms
2024-03-01T11:19:18.991-05:00  INFO 2074 --- [main] o.s.b.w.embedded.tomcat.TomcatWebServer  : Tomcat started on port 8080 (http) with context path ''
2024-03-01T11:19:18.994-05:00  INFO 2074 --- [main] c.w.l.LunchlineBackendApplication        : Started LunchlineBackendApplication in 0.507 seconds (process running for 0.692)
2024-03-01T11:19:19.078-05:00  INFO 2074 --- [main] org.mongodb.driver.client                : MongoClient with metadata {"driver": {"name": "mongo-java-driver|sync", "version": "4.11.1"}, "os": {"type": "Darwin", "name": "Mac OS X", "architecture": "aarch64", "version": "14.2"}, "platform": "Java/Oracle Corporation/20.0.2+9-78"} created with settings MongoClientSettings{readPreference=primary, writeConcern=WriteConcern{w=majority, wTimeout=null ms, journal=null}, retryWrites=true, retryReads=true, readConcern=ReadConcern{level=null}, credential=MongoCredential{mechanism=null, userName='wduan', source='admin', password=<hidden>, mechanismProperties=<hidden>}, transportSettings=null, streamFactoryFactory=null, commandListeners=[], codecRegistry=ProvidersCodecRegistry{codecProviders=[ValueCodecProvider{}, BsonValueCodecProvider{}, DBRefCodecProvider{}, DBObjectCodecProvider{}, DocumentCodecProvider{}, CollectionCodecProvider{}, IterableCodecProvider{}, MapCodecProvider{}, GeoJsonCodecProvider{}, GridFSFileCodecProvider{}, Jsr310CodecProvider{}, JsonObjectCodecProvider{}, BsonCodecProvider{}, EnumCodecProvider{}, com.mongodb.client.model.mql.ExpressionCodecProvider@72443081, com.mongodb.Jep395RecordCodecProvider@33feda48, com.mongodb.KotlinCodecProvider@6588b715]}, loggerSettings=LoggerSettings{maxDocumentLength=1000}, clusterSettings={hosts=[127.0.0.1:27017], srvHost=lunchcluster.aulglyi.mongodb.net, srvServiceName=mongodb, mode=MULTIPLE, requiredClusterType=REPLICA_SET, requiredReplicaSetName='atlas-k5rfu7-shard-0', serverSelector='null', clusterListeners='[]', serverSelectionTimeout='30000 ms', localThreshold='15 ms'}, socketSettings=SocketSettings{connectTimeoutMS=10000, readTimeoutMS=0, receiveBufferSize=0, proxySettings=ProxySettings{host=null, port=null, username=null, password=null}}, heartbeatSocketSettings=SocketSettings{connectTimeoutMS=10000, readTimeoutMS=10000, receiveBufferSize=0, proxySettings=ProxySettings{host=null, port=null, username=null, password=null}}, connectionPoolSettings=ConnectionPoolSettings{maxSize=100, minSize=0, maxWaitTimeMS=120000, maxConnectionLifeTimeMS=0, maxConnectionIdleTimeMS=0, maintenanceInitialDelayMS=0, maintenanceFrequencyMS=60000, connectionPoolListeners=[], maxConnecting=2}, serverSettings=ServerSettings{heartbeatFrequencyMS=10000, minHeartbeatFrequencyMS=500, serverListeners='[]', serverMonitorListeners='[]'}, sslSettings=SslSettings{enabled=true, invalidHostNameAllowed=false, context=null}, applicationName='null', compressorList=[], uuidRepresentation=UNSPECIFIED, serverApi=ServerApi{version=V1, deprecationErrors=null, strict=null}, autoEncryptionSettings=null, dnsClient=null, inetAddressResolver=null, contextProvider=null}
2024-03-01T11:19:19.086-05:00  INFO 2074 --- [main] org.mongodb.driver.cluster               : No server chosen by ReadPreferenceServerSelector{readPreference=primary} from cluster description ClusterDescription{type=UNKNOWN, connectionMode=MULTIPLE, serverDescriptions=[]}. Waiting for 30000 ms before timing out
2024-03-01T11:19:19.129-05:00  INFO 2074 --- [cluster-ClusterId{value='65e2000722d49e50de20cd6a', description='null'}-srv-lunchcluster.aulglyi.mongodb.net] org.mongodb.driver.cluster               : Adding discovered server ac-r98zr4h-shard-00-01.aulglyi.mongodb.net:27017 to client view of cluster
2024-03-01T11:19:19.137-05:00  INFO 2074 --- [cluster-ClusterId{value='65e2000722d49e50de20cd6a', description='null'}-srv-lunchcluster.aulglyi.mongodb.net] org.mongodb.driver.cluster               : Adding discovered server ac-r98zr4h-shard-00-00.aulglyi.mongodb.net:27017 to client view of cluster
2024-03-01T11:19:19.137-05:00  INFO 2074 --- [cluster-ClusterId{value='65e2000722d49e50de20cd6a', description='null'}-srv-lunchcluster.aulglyi.mongodb.net] org.mongodb.driver.cluster               : Adding discovered server ac-r98zr4h-shard-00-02.aulglyi.mongodb.net:27017 to client view of cluster
2024-03-01T11:19:19.603-05:00  INFO 2074 --- [cluster-ClusterId{value='65e2000722d49e50de20cd6a', description='null'}-ac-r98zr4h-shard-00-01.aulglyi.mongodb.net:27017] org.mongodb.driver.cluster               : Monitor thread successfully connected to server with description ServerDescription{address=ac-r98zr4h-shard-00-01.aulglyi.mongodb.net:27017, type=REPLICA_SET_PRIMARY, state=CONNECTED, ok=true, minWireVersion=0, maxWireVersion=17, maxDocumentSize=16777216, logicalSessionTimeoutMinutes=30, roundTripTimeNanos=205175000, setName='atlas-k5rfu7-shard-0', canonicalAddress=ac-r98zr4h-shard-00-01.aulglyi.mongodb.net:27017, hosts=[ac-r98zr4h-shard-00-02.aulglyi.mongodb.net:27017, ac-r98zr4h-shard-00-00.aulglyi.mongodb.net:27017, ac-r98zr4h-shard-00-01.aulglyi.mongodb.net:27017], passives=[], arbiters=[], primary='ac-r98zr4h-shard-00-01.aulglyi.mongodb.net:27017', tagSet=TagSet{[Tag{name='availabilityZone', value='use1-az6'}, Tag{name='diskState', value='READY'}, Tag{name='nodeType', value='ELECTABLE'}, Tag{name='provider', value='AWS'}, Tag{name='region', value='US_EAST_1'}, Tag{name='workloadType', value='OPERATIONAL'}]}, electionId=7fffffff0000000000000112, setVersion=19, topologyVersion=TopologyVersion{processId=65df9fe544571d2574e6ca38, counter=6}, lastWriteDate=Fri Mar 01 11:19:19 EST 2024, lastUpdateTimeNanos=3990246102000}
2024-03-01T11:19:19.603-05:00  INFO 2074 --- [cluster-ClusterId{value='65e2000722d49e50de20cd6a', description='null'}-ac-r98zr4h-shard-00-02.aulglyi.mongodb.net:27017] org.mongodb.driver.cluster               : Monitor thread successfully connected to server with description ServerDescription{address=ac-r98zr4h-shard-00-02.aulglyi.mongodb.net:27017, type=REPLICA_SET_SECONDARY, state=CONNECTED, ok=true, minWireVersion=0, maxWireVersion=17, maxDocumentSize=16777216, logicalSessionTimeoutMinutes=30, roundTripTimeNanos=208375000, setName='atlas-k5rfu7-shard-0', canonicalAddress=ac-r98zr4h-shard-00-02.aulglyi.mongodb.net:27017, hosts=[ac-r98zr4h-shard-00-02.aulglyi.mongodb.net:27017, ac-r98zr4h-shard-00-00.aulglyi.mongodb.net:27017, ac-r98zr4h-shard-00-01.aulglyi.mongodb.net:27017], passives=[], arbiters=[], primary='ac-r98zr4h-shard-00-01.aulglyi.mongodb.net:27017', tagSet=TagSet{[Tag{name='availabilityZone', value='use1-az1'}, Tag{name='diskState', value='READY'}, Tag{name='nodeType', value='ELECTABLE'}, Tag{name='provider', value='AWS'}, Tag{name='region', value='US_EAST_1'}, Tag{name='workloadType', value='OPERATIONAL'}]}, electionId=null, setVersion=19, topologyVersion=TopologyVersion{processId=65dfa050d1d5c426f1cbc47f, counter=3}, lastWriteDate=Fri Mar 01 11:19:19 EST 2024, lastUpdateTimeNanos=3990246102000}
2024-03-01T11:19:19.603-05:00  INFO 2074 --- [cluster-ClusterId{value='65e2000722d49e50de20cd6a', description='null'}-ac-r98zr4h-shard-00-00.aulglyi.mongodb.net:27017] org.mongodb.driver.cluster               : Monitor thread successfully connected to server with description ServerDescription{address=ac-r98zr4h-shard-00-00.aulglyi.mongodb.net:27017, type=REPLICA_SET_SECONDARY, state=CONNECTED, ok=true, minWireVersion=0, maxWireVersion=17, maxDocumentSize=16777216, logicalSessionTimeoutMinutes=30, roundTripTimeNanos=193304292, setName='atlas-k5rfu7-shard-0', canonicalAddress=ac-r98zr4h-shard-00-00.aulglyi.mongodb.net:27017, hosts=[ac-r98zr4h-shard-00-02.aulglyi.mongodb.net:27017, ac-r98zr4h-shard-00-00.aulglyi.mongodb.net:27017, ac-r98zr4h-shard-00-01.aulglyi.mongodb.net:27017], passives=[], arbiters=[], primary='ac-r98zr4h-shard-00-01.aulglyi.mongodb.net:27017', tagSet=TagSet{[Tag{name='availabilityZone', value='use1-az4'}, Tag{name='diskState', value='READY'}, Tag{name='nodeType', value='ELECTABLE'}, Tag{name='provider', value='AWS'}, Tag{name='region', value='US_EAST_1'}, Tag{name='workloadType', value='OPERATIONAL'}]}, electionId=null, setVersion=19, topologyVersion=TopologyVersion{processId=65df9f7731d2b35e8b2b4fa8, counter=4}, lastWriteDate=Fri Mar 01 11:19:19 EST 2024, lastUpdateTimeNanos=3990246361083}
2024-03-01T11:19:19.605-05:00  INFO 2074 --- [cluster-ClusterId{value='65e2000722d49e50de20cd6a', description='null'}-ac-r98zr4h-shard-00-01.aulglyi.mongodb.net:27017] org.mongodb.driver.cluster               : Discovered replica set primary ac-r98zr4h-shard-00-01.aulglyi.mongodb.net:27017 with max election id 7fffffff0000000000000112 and max set version 19
2024-03-01T11:19:19.933-05:00  INFO 2074 --- [main] c.wduan.lunchlinebackend.LogController   : Pinged your deployment. You successfully connected to MongoDB!
2024-03-01T11:19:19.936-05:00  INFO 2074 --- [main] c.wduan.lunchlinebackend.LogController   : d0/stdl located
2024-03-01T11:19:22.683-05:00  INFO 2074 --- [http-nio-8080-exec-1] o.a.c.c.C.[Tomcat].[localhost].[/]       : Initializing Spring DispatcherServlet 'dispatcherServlet'
2024-03-01T11:19:22.683-05:00  INFO 2074 --- [http-nio-8080-exec-1] o.s.web.servlet.DispatcherServlet        : Initializing Servlet 'dispatcherServlet'
2024-03-01T11:19:22.684-05:00  INFO 2074 --- [http-nio-8080-exec-1] o.s.web.servlet.DispatcherServlet        : Completed initialization in 1 ms
2024-03-01T11:19:22.969-05:00  WARN 2074 --- [http-nio-8080-exec-1] .w.s.m.s.DefaultHandlerExceptionResolver : Resolved [org.springframework.http.converter.HttpMessageNotWritableException: Could not write JSON: Array must have size 1, but has size 3]
2024-03-01T11:19:36.702-05:00  INFO 2081 --- [main] c.w.l.LunchlineBackendApplication        : Starting LunchlineBackendApplication using Java 20.0.2 with PID 2081 (/Users/wd/IdeaProjects/lunchline-backend/build/classes/java/main started by wd in /Users/wd/IdeaProjects/lunchline-backend)
2024-03-01T11:19:36.703-05:00  INFO 2081 --- [main] c.w.l.LunchlineBackendApplication        : No active profile set, falling back to 1 default profile: "default"
2024-03-01T11:19:36.948-05:00  INFO 2081 --- [main] o.s.b.w.embedded.tomcat.TomcatWebServer  : Tomcat initialized with port 8080 (http)
2024-03-01T11:19:36.952-05:00  INFO 2081 --- [main] o.apache.catalina.core.StandardService   : Starting service [Tomcat]
2024-03-01T11:19:36.952-05:00  INFO 2081 --- [main] o.apache.catalina.core.StandardEngine    : Starting Servlet engine: [Apache Tomcat/10.1.19]
2024-03-01T11:19:36.965-05:00  INFO 2081 --- [main] o.a.c.c.C.[Tomcat].[localhost].[/]       : Initializing Spring embedded WebApplicationContext
2024-03-01T11:19:36.965-05:00  INFO 2081 --- [main] w.s.c.ServletWebServerApplicationContext : Root WebApplicationContext: initialization completed in 246 ms
2024-03-01T11:19:37.081-05:00  INFO 2081 --- [main] o.s.b.w.embedded.tomcat.TomcatWebServer  : Tomcat started on port 8080 (http) with context path ''
2024-03-01T11:19:37.084-05:00  INFO 2081 --- [main] c.w.l.LunchlineBackendApplication        : Started LunchlineBackendApplication in 0.49 seconds (process running for 0.661)
2024-03-01T11:19:37.109-05:00  INFO 2081 --- [cluster-ClusterId{value='65e20019385a5a16a60a27c5', description='null'}-srv-lunchcluster.aulglyi.mongodb.net] org.mongodb.driver.cluster               : Adding discovered server ac-r98zr4h-shard-00-01.aulglyi.mongodb.net:27017 to client view of cluster
2024-03-01T11:19:37.117-05:00  INFO 2081 --- [main] org.mongodb.driver.client                : MongoClient with metadata {"driver": {"name": "mongo-java-driver|sync", "version": "4.11.1"}, "os": {"type": "Darwin", "name": "Mac OS X", "architecture": "aarch64", "version": "14.2"}, "platform": "Java/Oracle Corporation/20.0.2+9-78"} created with settings MongoClientSettings{readPreference=primary, writeConcern=WriteConcern{w=majority, wTimeout=null ms, journal=null}, retryWrites=true, retryReads=true, readConcern=ReadConcern{level=null}, credential=MongoCredential{mechanism=null, userName='wduan', source='admin', password=<hidden>, mechanismProperties=<hidden>}, transportSettings=null, streamFactoryFactory=null, commandListeners=[], codecRegistry=ProvidersCodecRegistry{codecProviders=[ValueCodecProvider{}, BsonValueCodecProvider{}, DBRefCodecProvider{}, DBObjectCodecProvider{}, DocumentCodecProvider{}, CollectionCodecProvider{}, IterableCodecProvider{}, MapCodecProvider{}, GeoJsonCodecProvider{}, GridFSFileCodecProvider{}, Jsr310CodecProvider{}, JsonObjectCodecProvider{}, BsonCodecProvider{}, EnumCodecProvider{}, com.mongodb.client.model.mql.ExpressionCodecProvider@17207f5b, com.mongodb.Jep395RecordCodecProvider@373052b5, com.mongodb.KotlinCodecProvider@67e0ff3a]}, loggerSettings=LoggerSettings{maxDocumentLength=1000}, clusterSettings={hosts=[127.0.0.1:27017], srvHost=lunchcluster.aulglyi.mongodb.net, srvServiceName=mongodb, mode=MULTIPLE, requiredClusterType=REPLICA_SET, requiredReplicaSetName='atlas-k5rfu7-shard-0', serverSelector='null', clusterListeners='[]', serverSelectionTimeout='30000 ms', localThreshold='15 ms'}, socketSettings=SocketSettings{connectTimeoutMS=10000, readTimeoutMS=0, receiveBufferSize=0, proxySettings=ProxySettings{host=null, port=null, username=null, password=null}}, heartbeatSocketSettings=SocketSettings{connectTimeoutMS=10000, readTimeoutMS=10000, receiveBufferSize=0, proxySettings=ProxySettings{host=null, port=null, username=null, password=null}}, connectionPoolSettings=ConnectionPoolSettings{maxSize=100, minSize=0, maxWaitTimeMS=120000, maxConnectionLifeTimeMS=0, maxConnectionIdleTimeMS=0, maintenanceInitialDelayMS=0, maintenanceFrequencyMS=60000, connectionPoolListeners=[], maxConnecting=2}, serverSettings=ServerSettings{heartbeatFrequencyMS=10000, minHeartbeatFrequencyMS=500, serverListeners='[]', serverMonitorListeners='[]'}, sslSettings=SslSettings{enabled=true, invalidHostNameAllowed=false, context=null}, applicationName='null', compressorList=[], uuidRepresentation=UNSPECIFIED, serverApi=ServerApi{version=V1, deprecationErrors=null, strict=null}, autoEncryptionSettings=null, dnsClient=null, inetAddressResolver=null, contextProvider=null}
2024-03-01T11:19:37.120-05:00  INFO 2081 --- [cluster-ClusterId{value='65e20019385a5a16a60a27c5', description='null'}-srv-lunchcluster.aulglyi.mongodb.net] org.mongodb.driver.cluster               : Adding discovered server ac-r98zr4h-shard-00-00.aulglyi.mongodb.net:27017 to client view of cluster
2024-03-01T11:19:37.120-05:00  INFO 2081 --- [cluster-ClusterId{value='65e20019385a5a16a60a27c5', description='null'}-srv-lunchcluster.aulglyi.mongodb.net] org.mongodb.driver.cluster               : Adding discovered server ac-r98zr4h-shard-00-02.aulglyi.mongodb.net:27017 to client view of cluster
2024-03-01T11:19:37.124-05:00  INFO 2081 --- [main] org.mongodb.driver.cluster               : No server chosen by ReadPreferenceServerSelector{readPreference=primary} from cluster description ClusterDescription{type=REPLICA_SET, connectionMode=MULTIPLE, serverDescriptions=[ServerDescription{address=ac-r98zr4h-shard-00-02.aulglyi.mongodb.net:27017, type=UNKNOWN, state=CONNECTING}, ServerDescription{address=ac-r98zr4h-shard-00-01.aulglyi.mongodb.net:27017, type=UNKNOWN, state=CONNECTING}, ServerDescription{address=ac-r98zr4h-shard-00-00.aulglyi.mongodb.net:27017, type=UNKNOWN, state=CONNECTING}]}. Waiting for 30000 ms before timing out
2024-03-01T11:19:37.430-05:00  INFO 2081 --- [cluster-ClusterId{value='65e20019385a5a16a60a27c5', description='null'}-ac-r98zr4h-shard-00-00.aulglyi.mongodb.net:27017] org.mongodb.driver.cluster               : Monitor thread successfully connected to server with description ServerDescription{address=ac-r98zr4h-shard-00-00.aulglyi.mongodb.net:27017, type=REPLICA_SET_SECONDARY, state=CONNECTED, ok=true, minWireVersion=0, maxWireVersion=17, maxDocumentSize=16777216, logicalSessionTimeoutMinutes=30, roundTripTimeNanos=247990583, setName='atlas-k5rfu7-shard-0', canonicalAddress=ac-r98zr4h-shard-00-00.aulglyi.mongodb.net:27017, hosts=[ac-r98zr4h-shard-00-02.aulglyi.mongodb.net:27017, ac-r98zr4h-shard-00-00.aulglyi.mongodb.net:27017, ac-r98zr4h-shard-00-01.aulglyi.mongodb.net:27017], passives=[], arbiters=[], primary='ac-r98zr4h-shard-00-01.aulglyi.mongodb.net:27017', tagSet=TagSet{[Tag{name='availabilityZone', value='use1-az4'}, Tag{name='diskState', value='READY'}, Tag{name='nodeType', value='ELECTABLE'}, Tag{name='provider', value='AWS'}, Tag{name='region', value='US_EAST_1'}, Tag{name='workloadType', value='OPERATIONAL'}]}, electionId=null, setVersion=19, topologyVersion=TopologyVersion{processId=65df9f7731d2b35e8b2b4fa8, counter=4}, lastWriteDate=Fri Mar 01 11:19:37 EST 2024, lastUpdateTimeNanos=4008072566166}
2024-03-01T11:19:37.444-05:00  INFO 2081 --- [cluster-ClusterId{value='65e20019385a5a16a60a27c5', description='null'}-ac-r98zr4h-shard-00-01.aulglyi.mongodb.net:27017] org.mongodb.driver.cluster               : Monitor thread successfully connected to server with description ServerDescription{address=ac-r98zr4h-shard-00-01.aulglyi.mongodb.net:27017, type=REPLICA_SET_PRIMARY, state=CONNECTED, ok=true, minWireVersion=0, maxWireVersion=17, maxDocumentSize=16777216, logicalSessionTimeoutMinutes=30, roundTripTimeNanos=262671417, setName='atlas-k5rfu7-shard-0', canonicalAddress=ac-r98zr4h-shard-00-01.aulglyi.mongodb.net:27017, hosts=[ac-r98zr4h-shard-00-02.aulglyi.mongodb.net:27017, ac-r98zr4h-shard-00-00.aulglyi.mongodb.net:27017, ac-r98zr4h-shard-00-01.aulglyi.mongodb.net:27017], passives=[], arbiters=[], primary='ac-r98zr4h-shard-00-01.aulglyi.mongodb.net:27017', tagSet=TagSet{[Tag{name='availabilityZone', value='use1-az6'}, Tag{name='diskState', value='READY'}, Tag{name='nodeType', value='ELECTABLE'}, Tag{name='provider', value='AWS'}, Tag{name='region', value='US_EAST_1'}, Tag{name='workloadType', value='OPERATIONAL'}]}, electionId=7fffffff0000000000000112, setVersion=19, topologyVersion=TopologyVersion{processId=65df9fe544571d2574e6ca38, counter=6}, lastWriteDate=Fri Mar 01 11:19:37 EST 2024, lastUpdateTimeNanos=4008087183333}
2024-03-01T11:19:37.444-05:00  INFO 2081 --- [cluster-ClusterId{value='65e20019385a5a16a60a27c5', description='null'}-ac-r98zr4h-shard-00-01.aulglyi.mongodb.net:27017] org.mongodb.driver.cluster               : Discovered replica set primary ac-r98zr4h-shard-00-01.aulglyi.mongodb.net:27017 with max election id 7fffffff0000000000000112 and max set version 19
2024-03-01T11:19:37.446-05:00  INFO 2081 --- [cluster-ClusterId{value='65e20019385a5a16a60a27c5', description='null'}-ac-r98zr4h-shard-00-02.aulglyi.mongodb.net:27017] org.mongodb.driver.cluster               : Monitor thread successfully connected to server with description ServerDescription{address=ac-r98zr4h-shard-00-02.aulglyi.mongodb.net:27017, type=REPLICA_SET_SECONDARY, state=CONNECTED, ok=true, minWireVersion=0, maxWireVersion=17, maxDocumentSize=16777216, logicalSessionTimeoutMinutes=30, roundTripTimeNanos=265024291, setName='atlas-k5rfu7-shard-0', canonicalAddress=ac-r98zr4h-shard-00-02.aulglyi.mongodb.net:27017, hosts=[ac-r98zr4h-shard-00-02.aulglyi.mongodb.net:27017, ac-r98zr4h-shard-00-00.aulglyi.mongodb.net:27017, ac-r98zr4h-shard-00-01.aulglyi.mongodb.net:27017], passives=[], arbiters=[], primary='ac-r98zr4h-shard-00-01.aulglyi.mongodb.net:27017', tagSet=TagSet{[Tag{name='availabilityZone', value='use1-az1'}, Tag{name='diskState', value='READY'}, Tag{name='nodeType', value='ELECTABLE'}, Tag{name='provider', value='AWS'}, Tag{name='region', value='US_EAST_1'}, Tag{name='workloadType', value='OPERATIONAL'}]}, electionId=null, setVersion=19, topologyVersion=TopologyVersion{processId=65dfa050d1d5c426f1cbc47f, counter=3}, lastWriteDate=Fri Mar 01 11:19:37 EST 2024, lastUpdateTimeNanos=4008089536583}
2024-03-01T11:19:37.770-05:00  INFO 2081 --- [main] c.wduan.lunchlinebackend.LogController   : Pinged your deployment. You successfully connected to MongoDB!
2024-03-01T11:19:37.772-05:00  INFO 2081 --- [main] c.wduan.lunchlinebackend.LogController   : d0/stdl located
2024-03-01T11:19:41.057-05:00  INFO 2081 --- [http-nio-8080-exec-1] o.a.c.c.C.[Tomcat].[localhost].[/]       : Initializing Spring DispatcherServlet 'dispatcherServlet'
2024-03-01T11:19:41.057-05:00  INFO 2081 --- [http-nio-8080-exec-1] o.s.web.servlet.DispatcherServlet        : Initializing Servlet 'dispatcherServlet'
2024-03-01T11:19:41.058-05:00  INFO 2081 --- [http-nio-8080-exec-1] o.s.web.servlet.DispatcherServlet        : Completed initialization in 1 ms
